#
# There is insufficient memory for the Java Runtime Environment to continue.
# Native memory allocation (malloc) failed to allocate 1646320 bytes for Chunk::new
# Possible reasons:
#   The system is out of physical RAM or swap space
#   The process is running with CompressedOops enabled, and the Java Heap may be blocking the growth of the native heap
# Possible solutions:
#   Reduce memory load on the system
#   Increase physical memory or swap space
#   Check if swap backing store is full
#   Decrease Java heap size (-Xmx/-Xms)
#   Decrease number of Java threads
#   Decrease Java thread stack sizes (-Xss)
#   Set larger code cache with -XX:ReservedCodeCacheSize=
#   JVM is running with Unscaled Compressed Oops mode in which the Java heap is
#     placed in the first 4GB address space. The Java Heap base address is the
#     maximum limit for the native heap growth. Please use -XX:HeapBaseMinAddress
#     to set the Java Heap base and to place the Java Heap above 4GB virtual address.
# This output file may be truncated or incomplete.
#
#  Out of Memory Error (arena.cpp:189), pid=14728, tid=12768
#
# JRE version: OpenJDK Runtime Environment (17.0.6) (build 17.0.6+0-b2043.56-10027231)
# Java VM: OpenJDK 64-Bit Server VM (17.0.6+0-b2043.56-10027231, mixed mode, tiered, compressed oops, compressed class ptrs, g1 gc, windows-amd64)
# No core dump will be written. Minidumps are not enabled by default on client versions of Windows
#

---------------  S U M M A R Y ------------

Command Line: org.jetbrains.kotlin.cli.jvm.K2JVMCompiler @C:\Users\USER\AndroidStudioProjects\KFit\app\build\20231028_9666792410653670928.compiler.options

Host: AMD Ryzen 5 3500U with Radeon Vega Mobile Gfx  , 8 cores, 5G,  Windows 11 , 64 bit Build 22000 (10.0.22000.2538)
Time: Sat Oct 28 02:54:08 2023 Malay Peninsula Standard Time elapsed time: 8.400512 seconds (0d 0h 0m 8s)

---------------  T H R E A D  ---------------

Current thread (0x0000026042804c20):  JavaThread "C2 CompilerThread0" daemon [_thread_in_native, id=12768, stack(0x00000062b6600000,0x00000062b6700000)]


Current CompileTask:
C2:   8400 2800       4       java.lang.ClassLoader::loadClass (7 bytes)

Stack: [0x00000062b6600000,0x00000062b6700000]
Native frames: (J=compiled Java code, j=interpreted, Vv=VM code, C=native code)
V  [jvm.dll+0x683c9a]
V  [jvm.dll+0x8427a4]
V  [jvm.dll+0x843f9e]
V  [jvm.dll+0x844603]
V  [jvm.dll+0x249b75]
V  [jvm.dll+0xabcac]
V  [jvm.dll+0xac27c]
V  [jvm.dll+0x368857]
V  [jvm.dll+0x1bced2]
V  [jvm.dll+0x21c359]
V  [jvm.dll+0x21b621]
V  [jvm.dll+0x1a4fdd]
V  [jvm.dll+0x22b098]
V  [jvm.dll+0x229159]
V  [jvm.dll+0x7f81ec]
V  [jvm.dll+0x7f274a]
V  [jvm.dll+0x682ad5]
C  [ucrtbase.dll+0x26c0c]
C  [KERNEL32.DLL+0x153e0]
C  [ntdll.dll+0x485b]


---------------  P R O C E S S  ---------------

Threads class SMR info:
_java_thread_list=0x0000026046428300, length=14, elements={
0x000002602934cd60, 0x0000026041e4b030, 0x0000026041e4bdb0, 0x0000026042800080,
0x0000026042800aa0, 0x0000026042802370, 0x0000026042802c30, 0x0000026042804c20,
0x0000026042806720, 0x0000026042806c30, 0x0000026042981bb0, 0x00000260429830e0,
0x0000026045b89470, 0x000002604294f540
}

Java Threads: ( => current thread )
  0x000002602934cd60 JavaThread "main" [_thread_in_Java, id=3636, stack(0x00000062b5900000,0x00000062b5a00000)]
  0x0000026041e4b030 JavaThread "Reference Handler" daemon [_thread_blocked, id=4944, stack(0x00000062b6000000,0x00000062b6100000)]
  0x0000026041e4bdb0 JavaThread "Finalizer" daemon [_thread_blocked, id=2432, stack(0x00000062b6100000,0x00000062b6200000)]
  0x0000026042800080 JavaThread "Signal Dispatcher" daemon [_thread_blocked, id=5968, stack(0x00000062b6200000,0x00000062b6300000)]
  0x0000026042800aa0 JavaThread "Attach Listener" daemon [_thread_blocked, id=1488, stack(0x00000062b6300000,0x00000062b6400000)]
  0x0000026042802370 JavaThread "Service Thread" daemon [_thread_blocked, id=14388, stack(0x00000062b6400000,0x00000062b6500000)]
  0x0000026042802c30 JavaThread "Monitor Deflation Thread" daemon [_thread_blocked, id=3736, stack(0x00000062b6500000,0x00000062b6600000)]
=>0x0000026042804c20 JavaThread "C2 CompilerThread0" daemon [_thread_in_native, id=12768, stack(0x00000062b6600000,0x00000062b6700000)]
  0x0000026042806720 JavaThread "C1 CompilerThread0" daemon [_thread_in_vm, id=13044, stack(0x00000062b6700000,0x00000062b6800000)]
  0x0000026042806c30 JavaThread "Sweeper thread" daemon [_thread_blocked, id=6952, stack(0x00000062b6800000,0x00000062b6900000)]
  0x0000026042981bb0 JavaThread "Notification Thread" daemon [_thread_blocked, id=7420, stack(0x00000062b6900000,0x00000062b6a00000)]
  0x00000260429830e0 JavaThread "Common-Cleaner" daemon [_thread_blocked, id=12332, stack(0x00000062b6b00000,0x00000062b6c00000)]
  0x0000026045b89470 JavaThread "C2 CompilerThread1" daemon [_thread_in_vm, id=13608, stack(0x00000062b7400000,0x00000062b7500000)]
  0x000002604294f540 JavaThread "C2 CompilerThread2" daemon [_thread_in_native, id=2972, stack(0x00000062b7500000,0x00000062b7600000)]

Other Threads:
  0x0000026041e26040 VMThread "VM Thread" [stack: 0x00000062b5f00000,0x00000062b6000000] [id=16368]
  0x0000026042982080 WatcherThread [stack: 0x00000062b6a00000,0x00000062b6b00000] [id=8812]
  0x00000260293999d0 GCTaskThread "GC Thread#0" [stack: 0x00000062b5a00000,0x00000062b5b00000] [id=4928]
  0x0000026042c43830 GCTaskThread "GC Thread#1" [stack: 0x00000062b6c00000,0x00000062b6d00000] [id=8136]
  0x0000026042c43ae0 GCTaskThread "GC Thread#2" [stack: 0x00000062b6d00000,0x00000062b6e00000] [id=17100]
  0x0000026042c44040 GCTaskThread "GC Thread#3" [stack: 0x00000062b6e00000,0x00000062b6f00000] [id=13192]
  0x0000026042c422b0 GCTaskThread "GC Thread#4" [stack: 0x00000062b6f00000,0x00000062b7000000] [id=13572]
  0x0000026042c442f0 GCTaskThread "GC Thread#5" [stack: 0x00000062b7000000,0x00000062b7100000] [id=7948]
  0x0000026042c42d70 GCTaskThread "GC Thread#6" [stack: 0x00000062b7100000,0x00000062b7200000] [id=14392]
  0x0000026042c445a0 GCTaskThread "GC Thread#7" [stack: 0x00000062b7200000,0x00000062b7300000] [id=12724]
  0x00000260293a76b0 ConcurrentGCThread "G1 Main Marker" [stack: 0x00000062b5b00000,0x00000062b5c00000] [id=8716]
  0x00000260293a8770 ConcurrentGCThread "G1 Conc#0" [stack: 0x00000062b5c00000,0x00000062b5d00000] [id=4092]
  0x0000026042c44850 ConcurrentGCThread "G1 Conc#1" [stack: 0x00000062b7300000,0x00000062b7400000] [id=13972]
  0x000002602941c5f0 ConcurrentGCThread "G1 Refine#0" [stack: 0x00000062b5d00000,0x00000062b5e00000] [id=12356]
  0x000002602941cf20 ConcurrentGCThread "G1 Service" [stack: 0x00000062b5e00000,0x00000062b5f00000] [id=17060]

Threads with active compile tasks:
C2 CompilerThread0     8444 2800       4       java.lang.ClassLoader::loadClass (7 bytes)
C1 CompilerThread0     8444 3142       3       org.jetbrains.kotlin.psi.psiUtil.PsiUtilsKt::siblings (20 bytes)
C2 CompilerThread1     8444 3100       4       org.jetbrains.kotlin.com.intellij.openapi.progress.impl.CoreProgressManager::doCheckCanceled (53 bytes)
C2 CompilerThread2     8444 3082  s    4       java.util.jar.JarFile::getInputStream (72 bytes)

VM state: not at safepoint (normal execution)

VM Mutex/Monitor currently owned by a thread: None

Heap address: 0x00000000a0c00000, size: 1524 MB, Compressed Oops mode: 32-bit

CDS archive(s) not mapped
Compressed class space mapped at: 0x0000000100000000-0x0000000140000000, reserved size: 1073741824
Narrow klass base: 0x0000000000000000, Narrow klass shift: 3, Narrow klass range: 0x140000000

GC Precious Log:
 CPUs: 8 total, 8 available
 Memory: 6091M
 Large Page Support: Disabled
 NUMA Support: Disabled
 Compressed Oops: Enabled (32-bit)
 Heap Region Size: 1M
 Heap Min Capacity: 8M
 Heap Initial Capacity: 96M
 Heap Max Capacity: 1524M
 Pre-touch: Disabled
 Parallel Workers: 8
 Concurrent Workers: 2
 Concurrent Refinement Workers: 8
 Periodic GC: Disabled

Heap:
 garbage-first heap   total 55296K, used 32477K [0x00000000a0c00000, 0x0000000100000000)
  region size 1024K, 12 young (12288K), 2 survivors (2048K)
 Metaspace       used 43944K, committed 44224K, reserved 1089536K
  class space    used 5319K, committed 5440K, reserved 1048576K

Heap Regions: E=young(eden), S=young(survivor), O=old, HS=humongous(starts), HC=humongous(continues), CS=collection set, F=free, OA=open archive, CA=closed archive, TAMS=top-at-mark-start (previous, next)
|   0|0x00000000a0c00000, 0x00000000a0d00000, 0x00000000a0d00000|100%|HS|  |TAMS 0x00000000a0d00000, 0x00000000a0c00000| Complete 
|   1|0x00000000a0d00000, 0x00000000a0e00000, 0x00000000a0e00000|100%|HC|  |TAMS 0x00000000a0e00000, 0x00000000a0d00000| Complete 
|   2|0x00000000a0e00000, 0x00000000a0f00000, 0x00000000a0f00000|100%|HC|  |TAMS 0x00000000a0f00000, 0x00000000a0e00000| Complete 
|   3|0x00000000a0f00000, 0x00000000a1000000, 0x00000000a1000000|100%|HC|  |TAMS 0x00000000a1000000, 0x00000000a0f00000| Complete 
|   4|0x00000000a1000000, 0x00000000a1100000, 0x00000000a1100000|100%| O|  |TAMS 0x00000000a1100000, 0x00000000a1000000| Untracked 
|   5|0x00000000a1100000, 0x00000000a1200000, 0x00000000a1200000|100%| O|  |TAMS 0x00000000a1200000, 0x00000000a1100000| Untracked 
|   6|0x00000000a1200000, 0x00000000a1300000, 0x00000000a1300000|100%| O|  |TAMS 0x00000000a1300000, 0x00000000a1200000| Untracked 
|   7|0x00000000a1300000, 0x00000000a1400000, 0x00000000a1400000|100%| O|  |TAMS 0x00000000a1400000, 0x00000000a1300000| Untracked 
|   8|0x00000000a1400000, 0x00000000a1500000, 0x00000000a1500000|100%| O|  |TAMS 0x00000000a1500000, 0x00000000a1400000| Untracked 
|   9|0x00000000a1500000, 0x00000000a1600000, 0x00000000a1600000|100%| O|  |TAMS 0x00000000a1600000, 0x00000000a1500000| Untracked 
|  10|0x00000000a1600000, 0x00000000a1700000, 0x00000000a1700000|100%| O|  |TAMS 0x00000000a1700000, 0x00000000a1600000| Untracked 
|  11|0x00000000a1700000, 0x00000000a1800000, 0x00000000a1800000|100%| O|  |TAMS 0x00000000a1800000, 0x00000000a1700000| Untracked 
|  12|0x00000000a1800000, 0x00000000a1900000, 0x00000000a1900000|100%| O|  |TAMS 0x00000000a1800000, 0x00000000a1800000| Untracked 
|  13|0x00000000a1900000, 0x00000000a1a00000, 0x00000000a1a00000|100%| O|  |TAMS 0x00000000a1900000, 0x00000000a1900000| Untracked 
|  14|0x00000000a1a00000, 0x00000000a1b00000, 0x00000000a1b00000|100%| O|  |TAMS 0x00000000a1b00000, 0x00000000a1a00000| Untracked 
|  15|0x00000000a1b00000, 0x00000000a1c00000, 0x00000000a1c00000|100%| O|  |TAMS 0x00000000a1c00000, 0x00000000a1b00000| Untracked 
|  16|0x00000000a1c00000, 0x00000000a1d00000, 0x00000000a1d00000|100%| O|  |TAMS 0x00000000a1d00000, 0x00000000a1c00000| Untracked 
|  17|0x00000000a1d00000, 0x00000000a1e00000, 0x00000000a1e00000|100%| O|  |TAMS 0x00000000a1d00000, 0x00000000a1d00000| Untracked 
|  18|0x00000000a1e00000, 0x00000000a1f00000, 0x00000000a1f00000|100%| O|  |TAMS 0x00000000a1e00000, 0x00000000a1e00000| Untracked 
|  19|0x00000000a1f00000, 0x00000000a1f3a200, 0x00000000a2000000| 22%| O|  |TAMS 0x00000000a1f00000, 0x00000000a1f00000| Untracked 
|  20|0x00000000a2000000, 0x00000000a2100000, 0x00000000a2100000|100%| O|  |TAMS 0x00000000a2100000, 0x00000000a2000000| Untracked 
|  21|0x00000000a2100000, 0x00000000a2200000, 0x00000000a2200000|100%| O|  |TAMS 0x00000000a2164000, 0x00000000a2100000| Untracked 
|  22|0x00000000a2200000, 0x00000000a2200000, 0x00000000a2300000|  0%| F|  |TAMS 0x00000000a2200000, 0x00000000a2200000| Untracked 
|  23|0x00000000a2300000, 0x00000000a2300000, 0x00000000a2400000|  0%| F|  |TAMS 0x00000000a2300000, 0x00000000a2300000| Untracked 
|  24|0x00000000a2400000, 0x00000000a2400000, 0x00000000a2500000|  0%| F|  |TAMS 0x00000000a2400000, 0x00000000a2400000| Untracked 
|  25|0x00000000a2500000, 0x00000000a2500000, 0x00000000a2600000|  0%| F|  |TAMS 0x00000000a2500000, 0x00000000a2500000| Untracked 
|  26|0x00000000a2600000, 0x00000000a2600000, 0x00000000a2700000|  0%| F|  |TAMS 0x00000000a2600000, 0x00000000a2600000| Untracked 
|  27|0x00000000a2700000, 0x00000000a2700000, 0x00000000a2800000|  0%| F|  |TAMS 0x00000000a2700000, 0x00000000a2700000| Untracked 
|  28|0x00000000a2800000, 0x00000000a2800000, 0x00000000a2900000|  0%| F|  |TAMS 0x00000000a2800000, 0x00000000a2800000| Untracked 
|  29|0x00000000a2900000, 0x00000000a2900000, 0x00000000a2a00000|  0%| F|  |TAMS 0x00000000a2900000, 0x00000000a2900000| Untracked 
|  30|0x00000000a2a00000, 0x00000000a2a00000, 0x00000000a2b00000|  0%| F|  |TAMS 0x00000000a2a00000, 0x00000000a2a00000| Untracked 
|  31|0x00000000a2b00000, 0x00000000a2b7d510, 0x00000000a2c00000| 48%| S|CS|TAMS 0x00000000a2b00000, 0x00000000a2b00000| Complete 
|  32|0x00000000a2c00000, 0x00000000a2d00000, 0x00000000a2d00000|100%| S|CS|TAMS 0x00000000a2c00000, 0x00000000a2c00000| Complete 
|  33|0x00000000a2d00000, 0x00000000a2d00000, 0x00000000a2e00000|  0%| F|  |TAMS 0x00000000a2d00000, 0x00000000a2d00000| Untracked 
|  34|0x00000000a2e00000, 0x00000000a2e00000, 0x00000000a2f00000|  0%| F|  |TAMS 0x00000000a2e00000, 0x00000000a2e00000| Untracked 
|  35|0x00000000a2f00000, 0x00000000a2f00000, 0x00000000a3000000|  0%| F|  |TAMS 0x00000000a2f00000, 0x00000000a2f00000| Untracked 
|  36|0x00000000a3000000, 0x00000000a3000000, 0x00000000a3100000|  0%| F|  |TAMS 0x00000000a3000000, 0x00000000a3000000| Untracked 
|  37|0x00000000a3100000, 0x00000000a3100000, 0x00000000a3200000|  0%| F|  |TAMS 0x00000000a3100000, 0x00000000a3100000| Untracked 
|  38|0x00000000a3200000, 0x00000000a3200000, 0x00000000a3300000|  0%| F|  |TAMS 0x00000000a3200000, 0x00000000a3200000| Untracked 
|  39|0x00000000a3300000, 0x00000000a3300000, 0x00000000a3400000|  0%| F|  |TAMS 0x00000000a3300000, 0x00000000a3300000| Untracked 
|  40|0x00000000a3400000, 0x00000000a3400000, 0x00000000a3500000|  0%| F|  |TAMS 0x00000000a3400000, 0x00000000a3400000| Untracked 
|  41|0x00000000a3500000, 0x00000000a3500000, 0x00000000a3600000|  0%| F|  |TAMS 0x00000000a3500000, 0x00000000a3500000| Untracked 
|  42|0x00000000a3600000, 0x00000000a3600000, 0x00000000a3700000|  0%| F|  |TAMS 0x00000000a3600000, 0x00000000a3600000| Untracked 
|  43|0x00000000a3700000, 0x00000000a3704860, 0x00000000a3800000|  1%| E|  |TAMS 0x00000000a3700000, 0x00000000a3700000| Complete 
|  44|0x00000000a3800000, 0x00000000a3900000, 0x00000000a3900000|100%| E|CS|TAMS 0x00000000a3800000, 0x00000000a3800000| Complete 
|  45|0x00000000a3900000, 0x00000000a3a00000, 0x00000000a3a00000|100%| E|CS|TAMS 0x00000000a3900000, 0x00000000a3900000| Complete 
|  46|0x00000000a3a00000, 0x00000000a3b00000, 0x00000000a3b00000|100%| E|CS|TAMS 0x00000000a3a00000, 0x00000000a3a00000| Complete 
|  47|0x00000000a3b00000, 0x00000000a3c00000, 0x00000000a3c00000|100%| E|CS|TAMS 0x00000000a3b00000, 0x00000000a3b00000| Complete 
|  48|0x00000000a3c00000, 0x00000000a3d00000, 0x00000000a3d00000|100%| E|CS|TAMS 0x00000000a3c00000, 0x00000000a3c00000| Complete 
|  56|0x00000000a4400000, 0x00000000a4500000, 0x00000000a4500000|100%| E|CS|TAMS 0x00000000a4400000, 0x00000000a4400000| Complete 
|  57|0x00000000a4500000, 0x00000000a4600000, 0x00000000a4600000|100%| E|CS|TAMS 0x00000000a4500000, 0x00000000a4500000| Complete 
|  58|0x00000000a4600000, 0x00000000a4700000, 0x00000000a4700000|100%| E|CS|TAMS 0x00000000a4600000, 0x00000000a4600000| Complete 
|  59|0x00000000a4700000, 0x00000000a4800000, 0x00000000a4800000|100%| E|CS|TAMS 0x00000000a4700000, 0x00000000a4700000| Complete 
|  95|0x00000000a6b00000, 0x00000000a6c00000, 0x00000000a6c00000|100%| E|CS|TAMS 0x00000000a6b00000, 0x00000000a6b00000| Complete 

Card table byte_map: [0x000002603be50000,0x000002603c150000] _byte_map_base: 0x000002603b94a000

Marking Bits (Prev, Next): (CMBitMap*) 0x000002602939af00, (CMBitMap*) 0x000002602939af40
 Prev Bits: [0x000002603c450000, 0x000002603dc20000)
 Next Bits: [0x000002603dc20000, 0x000002603f3f0000)

Polling page: 0x0000026027320000

Metaspace:

Usage:
  Non-class:     37.74 MB used.
      Class:      5.20 MB used.
       Both:     42.93 MB used.

Virtual space:
  Non-class space:       40.00 MB reserved,      37.88 MB ( 95%) committed,  5 nodes.
      Class space:        1.00 GB reserved,       5.31 MB ( <1%) committed,  1 nodes.
             Both:        1.04 GB reserved,      43.19 MB (  4%) committed. 

Chunk freelists:
   Non-Class:  2.10 MB
       Class:  2.65 MB
        Both:  4.75 MB

MaxMetaspaceSize: unlimited
CompressedClassSpaceSize: 1.00 GB
Initial GC threshold: 21.00 MB
Current GC threshold: 55.88 MB
CDS: off
MetaspaceReclaimPolicy: balanced
 - commit_granule_bytes: 65536.
 - commit_granule_words: 8192.
 - virtual_space_node_default_size: 1048576.
 - enlarge_chunks_in_place: 1.
 - new_chunks_are_fully_committed: 0.
 - uncommit_free_chunks: 1.
 - use_allocation_guard: 0.
 - handle_deallocations: 1.


Internal statistics:

num_allocs_failed_limit: 3.
num_arena_births: 180.
num_arena_deaths: 0.
num_vsnodes_births: 6.
num_vsnodes_deaths: 0.
num_space_committed: 689.
num_space_uncommitted: 0.
num_chunks_returned_to_freelist: 3.
num_chunks_taken_from_freelist: 1403.
num_chunk_merges: 3.
num_chunk_splits: 1167.
num_chunks_enlarged: 1059.
num_purges: 0.
num_inconsistent_stats: 0.

CodeHeap 'non-profiled nmethods': size=120000Kb used=1319Kb max_used=1319Kb free=118680Kb
 bounds [0x00000260342f0000, 0x0000026034560000, 0x000002603b820000]
CodeHeap 'profiled nmethods': size=120000Kb used=6152Kb max_used=6152Kb free=113847Kb
 bounds [0x000002602c820000, 0x000002602ce30000, 0x0000026033d50000]
CodeHeap 'non-nmethods': size=5760Kb used=1254Kb max_used=1277Kb free=4505Kb
 bounds [0x0000026033d50000, 0x0000026033fc0000, 0x00000260342f0000]
 total_blobs=3701 nmethods=3136 adapters=477
 compilation: enabled
              stopped_count=0, restarted_count=0
 full_count=0

Compilation events (20 events):
Event: 8.384 Thread 0x000002604294f540 3082  s    4       java.util.jar.JarFile::getInputStream (72 bytes)
Event: 8.386 Thread 0x0000026042806720 3092       3       org.jetbrains.kotlin.com.intellij.extapi.psi.StubBasedPsiElementBase::getStub (14 bytes)
Event: 8.386 Thread 0x0000026042806720 nmethod 3092 0x000002602ce07a90 code [0x000002602ce07c60, 0x000002602ce07f88]
Event: 8.387 Thread 0x0000026042806720 3093       3       java.lang.reflect.Constructor::acquireConstructorAccessor (44 bytes)
Event: 8.388 Thread 0x0000026042806720 nmethod 3093 0x000002602ce08110 code [0x000002602ce08300, 0x000002602ce087f8]
Event: 8.388 Thread 0x0000026042806720 3094       3       org.jetbrains.kotlin.com.intellij.psi.impl.source.SourceTreeToPsiMap::treeElementToPsi (15 bytes)
Event: 8.389 Thread 0x0000026042806720 nmethod 3094 0x000002602ce08990 code [0x000002602ce08b40, 0x000002602ce08d48]
Event: 8.389 Thread 0x0000026042806720 3095       3       org.jetbrains.kotlin.com.intellij.psi.impl.source.tree.SharedImplUtil::getNextSibling (18 bytes)
Event: 8.389 Thread 0x0000026042806720 nmethod 3095 0x000002602ce08e10 code [0x000002602ce08fe0, 0x000002602ce093d8]
Event: 8.390 Thread 0x0000026042806720 3096       3       java.util.HashMap::remove (26 bytes)
Event: 8.390 Thread 0x0000026042806720 nmethod 3096 0x000002602ce09590 code [0x000002602ce09760, 0x000002602ce09ad8]
Event: 8.390 Thread 0x0000026042806720 3097       1       org.jetbrains.kotlin.com.intellij.openapi.vfs.local.CoreLocalVirtualFile::isValid (2 bytes)
Event: 8.390 Thread 0x0000026042806720 nmethod 3097 0x0000026034435210 code [0x00000260344353a0, 0x0000026034435478]
Event: 8.390 Thread 0x0000026042806720 3098       3       org.jetbrains.kotlin.com.intellij.psi.impl.PsiManagerImpl::getProject (13 bytes)
Event: 8.391 Thread 0x0000026042806720 nmethod 3098 0x000002602ce09c10 code [0x000002602ce09dc0, 0x000002602ce09f48]
Event: 8.391 Thread 0x0000026042806720 3099       3       org.jetbrains.kotlin.com.intellij.psi.impl.source.tree.CompositeElement::findChildByType (52 bytes)
Event: 8.392 Thread 0x0000026042806720 nmethod 3099 0x000002602ce0a010 code [0x000002602ce0a200, 0x000002602ce0a808]
Event: 8.394 Thread 0x0000026042806720 3101       3       org.jetbrains.kotlin.psi.psiUtil.PsiUtilsKt$siblings$1$iterator$1::next (55 bytes)
Event: 8.394 Thread 0x0000026042806720 nmethod 3101 0x000002602ce0aa10 code [0x000002602ce0ac00, 0x000002602ce0b168]
Event: 8.394 Thread 0x0000026042806720 3102   !   3       org.jetbrains.kotlin.com.intellij.psi.impl.source.tree.LazyParseableElement::ensureParsed (164 bytes)

GC Heap History (18 events):
Event: 1.241 GC heap before
{Heap before GC invocations=0 (full 0):
 garbage-first heap   total 98304K, used 27648K [0x00000000a0c00000, 0x0000000100000000)
  region size 1024K, 23 young (23552K), 0 survivors (0K)
 Metaspace       used 13260K, committed 13376K, reserved 1064960K
  class space    used 1279K, committed 1344K, reserved 1048576K
}
Event: 1.249 GC heap after
{Heap after GC invocations=1 (full 0):
 garbage-first heap   total 98304K, used 6771K [0x00000000a0c00000, 0x0000000100000000)
  region size 1024K, 3 young (3072K), 3 survivors (3072K)
 Metaspace       used 13260K, committed 13376K, reserved 1064960K
  class space    used 1279K, committed 1344K, reserved 1048576K
}
Event: 2.762 GC heap before
{Heap before GC invocations=1 (full 0):
 garbage-first heap   total 98304K, used 39539K [0x00000000a0c00000, 0x0000000100000000)
  region size 1024K, 36 young (36864K), 3 survivors (3072K)
 Metaspace       used 21338K, committed 21504K, reserved 1073152K
  class space    used 2324K, committed 2432K, reserved 1048576K
}
Event: 2.785 GC heap after
{Heap after GC invocations=2 (full 0):
 garbage-first heap   total 98304K, used 10323K [0x00000000a0c00000, 0x0000000100000000)
  region size 1024K, 4 young (4096K), 4 survivors (4096K)
 Metaspace       used 21338K, committed 21504K, reserved 1073152K
  class space    used 2324K, committed 2432K, reserved 1048576K
}
Event: 3.807 GC heap before
{Heap before GC invocations=3 (full 0):
 garbage-first heap   total 40960K, used 30803K [0x00000000a0c00000, 0x0000000100000000)
  region size 1024K, 24 young (24576K), 4 survivors (4096K)
 Metaspace       used 28008K, committed 28224K, reserved 1081344K
  class space    used 3444K, committed 3520K, reserved 1048576K
}
Event: 3.824 GC heap after
{Heap after GC invocations=4 (full 0):
 garbage-first heap   total 40960K, used 11503K [0x00000000a0c00000, 0x0000000100000000)
  region size 1024K, 2 young (2048K), 2 survivors (2048K)
 Metaspace       used 28008K, committed 28224K, reserved 1081344K
  class space    used 3444K, committed 3520K, reserved 1048576K
}
Event: 3.898 GC heap before
{Heap before GC invocations=4 (full 0):
 garbage-first heap   total 40960K, used 12527K [0x00000000a0c00000, 0x0000000100000000)
  region size 1024K, 3 young (3072K), 2 survivors (2048K)
 Metaspace       used 28350K, committed 28544K, reserved 1081344K
  class space    used 3512K, committed 3584K, reserved 1048576K
}
Event: 3.904 GC heap after
{Heap after GC invocations=5 (full 0):
 garbage-first heap   total 40960K, used 11567K [0x00000000a0c00000, 0x0000000100000000)
  region size 1024K, 1 young (1024K), 1 survivors (1024K)
 Metaspace       used 28350K, committed 28544K, reserved 1081344K
  class space    used 3512K, committed 3584K, reserved 1048576K
}
Event: 4.746 GC heap before
{Heap before GC invocations=5 (full 0):
 garbage-first heap   total 40960K, used 33071K [0x00000000a0c00000, 0x0000000100000000)
  region size 1024K, 20 young (20480K), 1 survivors (1024K)
 Metaspace       used 29069K, committed 29312K, reserved 1081344K
  class space    used 3551K, committed 3648K, reserved 1048576K
}
Event: 4.766 GC heap after
{Heap after GC invocations=6 (full 0):
 garbage-first heap   total 40960K, used 18607K [0x00000000a0c00000, 0x0000000100000000)
  region size 1024K, 3 young (3072K), 3 survivors (3072K)
 Metaspace       used 29069K, committed 29312K, reserved 1081344K
  class space    used 3551K, committed 3648K, reserved 1048576K
}
Event: 5.303 GC heap before
{Heap before GC invocations=6 (full 0):
 garbage-first heap   total 40960K, used 29871K [0x00000000a0c00000, 0x0000000100000000)
  region size 1024K, 14 young (14336K), 3 survivors (3072K)
 Metaspace       used 31430K, committed 31616K, reserved 1081344K
  class space    used 4034K, committed 4096K, reserved 1048576K
}
Event: 5.316 GC heap after
{Heap after GC invocations=7 (full 0):
 garbage-first heap   total 40960K, used 20492K [0x00000000a0c00000, 0x0000000100000000)
  region size 1024K, 2 young (2048K), 2 survivors (2048K)
 Metaspace       used 31430K, committed 31616K, reserved 1081344K
  class space    used 4034K, committed 4096K, reserved 1048576K
}
Event: 6.014 GC heap before
{Heap before GC invocations=7 (full 0):
 garbage-first heap   total 40960K, used 30732K [0x00000000a0c00000, 0x0000000100000000)
  region size 1024K, 12 young (12288K), 2 survivors (2048K)
 Metaspace       used 34067K, committed 34304K, reserved 1081344K
  class space    used 4320K, committed 4416K, reserved 1048576K
}
Event: 6.024 GC heap after
{Heap after GC invocations=8 (full 0):
 garbage-first heap   total 55296K, used 22116K [0x00000000a0c00000, 0x0000000100000000)
  region size 1024K, 2 young (2048K), 2 survivors (2048K)
 Metaspace       used 34067K, committed 34304K, reserved 1081344K
  class space    used 4320K, committed 4416K, reserved 1048576K
}
Event: 7.021 GC heap before
{Heap before GC invocations=9 (full 0):
 garbage-first heap   total 55296K, used 39524K [0x00000000a0c00000, 0x0000000100000000)
  region size 1024K, 19 young (19456K), 2 survivors (2048K)
 Metaspace       used 37098K, committed 37312K, reserved 1081344K
  class space    used 4651K, committed 4800K, reserved 1048576K
}
Event: 7.033 GC heap after
{Heap after GC invocations=10 (full 0):
 garbage-first heap   total 55296K, used 21771K [0x00000000a0c00000, 0x0000000100000000)
  region size 1024K, 3 young (3072K), 3 survivors (3072K)
 Metaspace       used 37098K, committed 37312K, reserved 1081344K
  class space    used 4651K, committed 4800K, reserved 1048576K
}
Event: 7.704 GC heap before
{Heap before GC invocations=10 (full 0):
 garbage-first heap   total 55296K, used 40203K [0x00000000a0c00000, 0x0000000100000000)
  region size 1024K, 21 young (21504K), 3 survivors (3072K)
 Metaspace       used 40867K, committed 41152K, reserved 1089536K
  class space    used 4981K, committed 5120K, reserved 1048576K
}
Event: 7.717 GC heap after
{Heap after GC invocations=11 (full 0):
 garbage-first heap   total 55296K, used 23261K [0x00000000a0c00000, 0x0000000100000000)
  region size 1024K, 2 young (2048K), 2 survivors (2048K)
 Metaspace       used 40867K, committed 41152K, reserved 1089536K
  class space    used 4981K, committed 5120K, reserved 1048576K
}

Dll operation events (2 events):
Event: 0.017 Loaded shared library C:\Program Files\Android\Android Studio\jbr\bin\java.dll
Event: 3.373 Loaded shared library C:\Program Files\Android\Android Studio\jbr\bin\verify.dll

Deoptimization events (20 events):
Event: 8.097 Thread 0x000002602934cd60 Uncommon trap: trap_request=0xffffffde fr.pc=0x00000260343ff570 relative=0x0000000000001070
Event: 8.097 Thread 0x000002602934cd60 Uncommon trap: reason=class_check action=maybe_recompile pc=0x00000260343ff570 method=java.util.HashMap.putVal(ILjava/lang/Object;Ljava/lang/Object;ZZ)Ljava/lang/Object; @ 203 c2
Event: 8.097 Thread 0x000002602934cd60 DEOPT PACKING pc=0x00000260343ff570 sp=0x00000062b59fd020
Event: 8.097 Thread 0x000002602934cd60 DEOPT UNPACKING pc=0x0000026033da69a3 sp=0x00000062b59fcfe0 mode 2
Event: 8.370 Thread 0x000002602934cd60 Uncommon trap: trap_request=0xffffffde fr.pc=0x0000026034424748 relative=0x0000000000000188
Event: 8.370 Thread 0x000002602934cd60 Uncommon trap: reason=class_check action=maybe_recompile pc=0x0000026034424748 method=java.lang.Character.codePointAt(Ljava/lang/CharSequence;I)I @ 2 c2
Event: 8.370 Thread 0x000002602934cd60 DEOPT PACKING pc=0x0000026034424748 sp=0x00000062b59fd450
Event: 8.370 Thread 0x000002602934cd60 DEOPT UNPACKING pc=0x0000026033da69a3 sp=0x00000062b59fd408 mode 2
Event: 8.370 Thread 0x000002602934cd60 Uncommon trap: trap_request=0xffffffde fr.pc=0x0000026034424748 relative=0x0000000000000188
Event: 8.370 Thread 0x000002602934cd60 Uncommon trap: reason=class_check action=maybe_recompile pc=0x0000026034424748 method=java.lang.Character.codePointAt(Ljava/lang/CharSequence;I)I @ 2 c2
Event: 8.370 Thread 0x000002602934cd60 DEOPT PACKING pc=0x0000026034424748 sp=0x00000062b59fd450
Event: 8.370 Thread 0x000002602934cd60 DEOPT UNPACKING pc=0x0000026033da69a3 sp=0x00000062b59fd408 mode 2
Event: 8.370 Thread 0x000002602934cd60 Uncommon trap: trap_request=0xffffffde fr.pc=0x0000026034424748 relative=0x0000000000000188
Event: 8.370 Thread 0x000002602934cd60 Uncommon trap: reason=class_check action=maybe_recompile pc=0x0000026034424748 method=java.lang.Character.codePointAt(Ljava/lang/CharSequence;I)I @ 2 c2
Event: 8.370 Thread 0x000002602934cd60 DEOPT PACKING pc=0x0000026034424748 sp=0x00000062b59fd450
Event: 8.370 Thread 0x000002602934cd60 DEOPT UNPACKING pc=0x0000026033da69a3 sp=0x00000062b59fd408 mode 2
Event: 8.370 Thread 0x000002602934cd60 Uncommon trap: trap_request=0xffffffde fr.pc=0x0000026034424748 relative=0x0000000000000188
Event: 8.370 Thread 0x000002602934cd60 Uncommon trap: reason=class_check action=maybe_recompile pc=0x0000026034424748 method=java.lang.Character.codePointAt(Ljava/lang/CharSequence;I)I @ 2 c2
Event: 8.370 Thread 0x000002602934cd60 DEOPT PACKING pc=0x0000026034424748 sp=0x00000062b59fd450
Event: 8.370 Thread 0x000002602934cd60 DEOPT UNPACKING pc=0x0000026033da69a3 sp=0x00000062b59fd408 mode 2

Classes unloaded (0 events):
No events

Classes redefined (0 events):
No events

Internal exceptions (20 events):
Event: 2.863 Thread 0x000002602934cd60 Exception <a 'java/lang/NoSuchMethodError'{0x00000000a2db99a0}: 'int java.lang.invoke.DelegatingMethodHandle$Holder.reinvoke_L(java.lang.Object, java.lang.Object, java.lang.Object, long, int, int)'> (0x00000000a2db99a0) 
thrown [s\src\hotspot\share\interpreter\linkResolver.cpp, line 771]
Event: 2.866 Thread 0x000002602934cd60 Exception <a 'java/lang/NoSuchMethodError'{0x00000000a2dc82d8}: 'int java.lang.invoke.DelegatingMethodHandle$Holder.reinvoke_L(java.lang.Object, java.lang.Object, java.lang.Object, long, long, long)'> (0x00000000a2dc82d8) 
thrown [s\src\hotspot\share\interpreter\linkResolver.cpp, line 771]
Event: 2.868 Thread 0x000002602934cd60 Exception <a 'java/lang/NoSuchMethodError'{0x00000000a2dd68f0}: 'int java.lang.invoke.DelegatingMethodHandle$Holder.reinvoke_L(java.lang.Object, java.lang.Object, java.lang.Object, long, int)'> (0x00000000a2dd68f0) 
thrown [s\src\hotspot\share\interpreter\linkResolver.cpp, line 771]
Event: 2.898 Thread 0x000002602934cd60 Exception <a 'java/lang/NoSuchMethodError'{0x00000000a2c7f938}: 'int java.lang.invoke.DirectMethodHandle$Holder.invokeStaticInit(java.lang.Object, java.lang.Object, java.lang.Object)'> (0x00000000a2c7f938) 
thrown [s\src\hotspot\share\interpreter\linkResolver.cpp, line 771]
Event: 2.912 Thread 0x000002602934cd60 Exception <a 'java/lang/NoSuchMethodError'{0x00000000a2ca97f8}: 'int java.lang.invoke.DirectMethodHandle$Holder.invokeStaticInit(java.lang.Object, java.lang.Object)'> (0x00000000a2ca97f8) 
thrown [s\src\hotspot\share\interpreter\linkResolver.cpp, line 771]
Event: 2.948 Thread 0x000002602934cd60 Exception <a 'java/lang/NoSuchMethodError'{0x00000000a2b8b190}: 'void java.lang.invoke.DirectMethodHandle$Holder.invokeSpecial(java.lang.Object, java.lang.Object, java.lang.Object)'> (0x00000000a2b8b190) 
thrown [s\src\hotspot\share\interpreter\linkResolver.cpp, line 771]
Event: 3.107 Thread 0x000002602934cd60 Exception <a 'java/lang/NoSuchMethodError'{0x00000000a28b68b8}: 'void java.lang.invoke.DirectMethodHandle$Holder.invokeStatic(java.lang.Object, java.lang.Object, java.lang.Object, java.lang.Object)'> (0x00000000a28b68b8) 
thrown [s\src\hotspot\share\interpreter\linkResolver.cpp, line 771]
Event: 3.271 Thread 0x000002602934cd60 Exception <a 'java/lang/NoSuchMethodError'{0x00000000a247eed8}: 'void java.lang.invoke.DirectMethodHandle$Holder.invokeStaticInit(java.lang.Object, java.lang.Object)'> (0x00000000a247eed8) 
thrown [s\src\hotspot\share\interpreter\linkResolver.cpp, line 771]
Event: 3.552 Thread 0x000002602934cd60 Exception <a 'java/lang/NoSuchMethodError'{0x00000000a1f00ae0}: 'void java.lang.invoke.DirectMethodHandle$Holder.invokeVirtual(java.lang.Object, java.lang.Object)'> (0x00000000a1f00ae0) 
thrown [s\src\hotspot\share\interpreter\linkResolver.cpp, line 771]
Event: 3.576 Thread 0x000002602934cd60 Exception <a 'java/lang/NoSuchMethodError'{0x00000000a1f7b2e8}: 'int java.lang.invoke.DirectMethodHandle$Holder.invokeVirtual(java.lang.Object, java.lang.Object)'> (0x00000000a1f7b2e8) 
thrown [s\src\hotspot\share\interpreter\linkResolver.cpp, line 771]
Event: 3.611 Thread 0x000002602934cd60 Exception <a 'java/lang/NoSuchMethodError'{0x00000000a1e145b8}: 'java.lang.Object java.lang.invoke.Invokers$Holder.invokeExact_MT(java.lang.Object, java.lang.Object, java.lang.Object, java.lang.Object, java.lang.Object, java.lang.Object)'> (0x00000000a1e145b8) 
thrown [s\src\hotspot\share\interpreter\linkResolver.cpp, line 771]
Event: 4.854 Thread 0x000002602934cd60 Implicit null exception at 0x00000260343ce3fd to 0x00000260343ce630
Event: 5.275 Thread 0x000002602934cd60 Implicit null exception at 0x0000026034308072 to 0x0000026034308640
Event: 5.674 Thread 0x000002602934cd60 Implicit null exception at 0x0000026034309d72 to 0x000002603430a350
Event: 5.938 Thread 0x000002602934cd60 Exception <a 'java/lang/NoSuchMethodError'{0x00000000a2a03a68}: 'java.lang.Object java.lang.invoke.DirectMethodHandle$Holder.invokeVirtual(java.lang.Object, java.lang.Object, java.lang.Object)'> (0x00000000a2a03a68) 
thrown [s\src\hotspot\share\interpreter\linkResolver.cpp, line 771]
Event: 6.648 Thread 0x000002602934cd60 Implicit null exception at 0x00000260343cdcf7 to 0x00000260343cdefc
Event: 7.965 Thread 0x000002602934cd60 Exception <a 'java/lang/NoSuchMethodError'{0x00000000a3c02ea8}: 'java.lang.Object java.lang.invoke.DirectMethodHandle$Holder.newInvokeSpecial(java.lang.Object, java.lang.Object, int)'> (0x00000000a3c02ea8) 
thrown [s\src\hotspot\share\interpreter\linkResolver.cpp, line 771]
Event: 8.335 Thread 0x000002602934cd60 Exception <a 'java/lang/NoSuchMethodError'{0x00000000a39e73a0}: 'java.lang.Object java.lang.invoke.DirectMethodHandle$Holder.newInvokeSpecial(java.lang.Object, java.lang.Object, java.lang.Object, int)'> (0x00000000a39e73a0) 
thrown [s\src\hotspot\share\interpreter\linkResolver.cpp, line 771]
Event: 8.336 Thread 0x000002602934cd60 Exception <a 'java/lang/NoSuchMethodError'{0x00000000a39eba28}: 'java.lang.Object java.lang.invoke.DirectMethodHandle$Holder.invokeSpecial(java.lang.Object, java.lang.Object, java.lang.Object, java.lang.Object, int)'> (0x00000000a39eba28) 
thrown [s\src\hotspot\share\interpreter\linkResolver.cpp, line 771]
Event: 8.337 Thread 0x000002602934cd60 Exception <a 'java/lang/NoSuchMethodError'{0x00000000a39ef898}: 'java.lang.Object java.lang.invoke.Invokers$Holder.linkToTargetMethod(java.lang.Object, java.lang.Object, int, java.lang.Object)'> (0x00000000a39ef898) 
thrown [s\src\hotspot\share\interpreter\linkResolver.cpp, line 771]

VM Operations (20 events):
Event: 5.303 Executing VM operation: G1CollectForAllocation
Event: 5.317 Executing VM operation: G1CollectForAllocation done
Event: 6.013 Executing VM operation: G1CollectForAllocation
Event: 6.024 Executing VM operation: G1CollectForAllocation done
Event: 6.048 Executing VM operation: G1Concurrent
Event: 6.058 Executing VM operation: G1Concurrent done
Event: 6.068 Executing VM operation: G1Concurrent
Event: 6.068 Executing VM operation: G1Concurrent done
Event: 7.021 Executing VM operation: G1CollectForAllocation
Event: 7.033 Executing VM operation: G1CollectForAllocation done
Event: 7.167 Executing VM operation: HandshakeAllThreads
Event: 7.167 Executing VM operation: HandshakeAllThreads done
Event: 7.703 Executing VM operation: G1CollectForAllocation
Event: 7.717 Executing VM operation: G1CollectForAllocation done
Event: 8.274 Executing VM operation: HandshakeAllThreads
Event: 8.274 Executing VM operation: HandshakeAllThreads done
Event: 8.329 Executing VM operation: HandshakeAllThreads
Event: 8.329 Executing VM operation: HandshakeAllThreads done
Event: 8.372 Executing VM operation: HandshakeAllThreads
Event: 8.372 Executing VM operation: HandshakeAllThreads done

Events (20 events):
Event: 7.526 Thread 0x0000026045ca9e70 Thread added: 0x0000026045ca9e70
Event: 7.746 Thread 0x0000026045ca9e70 Thread exited: 0x0000026045ca9e70
Event: 7.887 loading class java/util/BitSet
Event: 7.888 loading class java/util/BitSet done
Event: 7.893 loading class java/util/PrimitiveIterator$OfInt
Event: 7.893 loading class java/util/PrimitiveIterator
Event: 7.893 loading class java/util/PrimitiveIterator done
Event: 7.893 loading class java/util/PrimitiveIterator$OfInt done
Event: 7.946 loading class java/util/AbstractMap$SimpleImmutableEntry
Event: 7.946 loading class java/util/AbstractMap$SimpleImmutableEntry done
Event: 7.961 loading class java/util/function/IntUnaryOperator
Event: 7.963 loading class java/util/function/IntUnaryOperator done
Event: 8.043 loading class java/util/regex/Pattern$StartS
Event: 8.045 loading class java/util/regex/Pattern$StartS done
Event: 8.071 Thread 0x0000026045b89470 Thread added: 0x0000026045b89470
Event: 8.129 Thread 0x000002604294f540 Thread added: 0x000002604294f540
Event: 8.197 loading class java/util/ConcurrentModificationException
Event: 8.198 loading class java/util/ConcurrentModificationException done
Event: 8.272 loading class java/util/ArrayList$ListItr
Event: 8.273 loading class java/util/ArrayList$ListItr done


Dynamic libraries:
0x00007ff76b6a0000 - 0x00007ff76b6aa000 	C:\Program Files\Android\Android Studio\jbr\bin\java.exe
0x00007ffc68500000 - 0x00007ffc68709000 	C:\WINDOWS\SYSTEM32\ntdll.dll
0x00007ffc682f0000 - 0x00007ffc683ad000 	C:\WINDOWS\System32\KERNEL32.DLL
0x00007ffc65ab0000 - 0x00007ffc65e34000 	C:\WINDOWS\System32\KERNELBASE.dll
0x00007ffc65e40000 - 0x00007ffc65f51000 	C:\WINDOWS\System32\ucrtbase.dll
0x00007ffc55430000 - 0x00007ffc5544b000 	C:\Program Files\Android\Android Studio\jbr\bin\VCRUNTIME140.dll
0x00007ffc56300000 - 0x00007ffc56317000 	C:\Program Files\Android\Android Studio\jbr\bin\jli.dll
0x00007ffc664f0000 - 0x00007ffc6669d000 	C:\WINDOWS\System32\USER32.dll
0x00007ffc52860000 - 0x00007ffc52b05000 	C:\WINDOWS\WinSxS\amd64_microsoft.windows.common-controls_6595b64144ccf1df_6.0.22000.120_none_9d947278b86cc467\COMCTL32.dll
0x00007ffc65a80000 - 0x00007ffc65aa6000 	C:\WINDOWS\System32\win32u.dll
0x00007ffc675b0000 - 0x00007ffc67653000 	C:\WINDOWS\System32\msvcrt.dll
0x00007ffc67bd0000 - 0x00007ffc67bfa000 	C:\WINDOWS\System32\GDI32.dll
0x00007ffc66230000 - 0x00007ffc6634e000 	C:\WINDOWS\System32\gdi32full.dll
0x00007ffc66190000 - 0x00007ffc6622d000 	C:\WINDOWS\System32\msvcp_win.dll
0x00007ffc66bb0000 - 0x00007ffc66be1000 	C:\WINDOWS\System32\IMM32.DLL
0x00007ffc55c30000 - 0x00007ffc55c3c000 	C:\Program Files\Android\Android Studio\jbr\bin\vcruntime140_1.dll
0x00007ffc533e0000 - 0x00007ffc5346d000 	C:\Program Files\Android\Android Studio\jbr\bin\msvcp140.dll
0x00007ffc1f4c0000 - 0x00007ffc2012e000 	C:\Program Files\Android\Android Studio\jbr\bin\server\jvm.dll
0x00007ffc66c00000 - 0x00007ffc66cae000 	C:\WINDOWS\System32\ADVAPI32.dll
0x00007ffc66b10000 - 0x00007ffc66bae000 	C:\WINDOWS\System32\sechost.dll
0x00007ffc663c0000 - 0x00007ffc664e1000 	C:\WINDOWS\System32\RPCRT4.dll
0x00007ffc5e680000 - 0x00007ffc5e6b3000 	C:\WINDOWS\SYSTEM32\WINMM.dll
0x00007ffc50520000 - 0x00007ffc50529000 	C:\WINDOWS\SYSTEM32\WSOCK32.dll
0x00007ffc5d040000 - 0x00007ffc5d04a000 	C:\WINDOWS\SYSTEM32\VERSION.dll
0x00007ffc66cb0000 - 0x00007ffc66d1f000 	C:\WINDOWS\System32\WS2_32.dll
0x00007ffc64a00000 - 0x00007ffc64a18000 	C:\WINDOWS\SYSTEM32\kernel.appcore.dll
0x00007ffc61e00000 - 0x00007ffc61e0a000 	C:\Program Files\Android\Android Studio\jbr\bin\jimage.dll
0x00007ffc63300000 - 0x00007ffc63521000 	C:\WINDOWS\SYSTEM32\DBGHELP.DLL
0x00007ffc513b0000 - 0x00007ffc513e1000 	C:\WINDOWS\SYSTEM32\dbgcore.DLL
0x00007ffc65a00000 - 0x00007ffc65a7f000 	C:\WINDOWS\System32\bcryptPrimitives.dll
0x00007ffc582f0000 - 0x00007ffc58315000 	C:\Program Files\Android\Android Studio\jbr\bin\java.dll
0x00007ffc615a0000 - 0x00007ffc615b8000 	C:\Program Files\Android\Android Studio\jbr\bin\zip.dll
0x00007ffc66d50000 - 0x00007ffc67515000 	C:\WINDOWS\System32\SHELL32.dll
0x00007ffc63a60000 - 0x00007ffc642c2000 	C:\WINDOWS\SYSTEM32\windows.storage.dll
0x00007ffc666a0000 - 0x00007ffc66a16000 	C:\WINDOWS\System32\combase.dll
0x00007ffc638f0000 - 0x00007ffc63a57000 	C:\WINDOWS\SYSTEM32\wintypes.dll
0x00007ffc66a20000 - 0x00007ffc66b0a000 	C:\WINDOWS\System32\SHCORE.dll
0x00007ffc67c00000 - 0x00007ffc67c5d000 	C:\WINDOWS\System32\shlwapi.dll
0x00007ffc658c0000 - 0x00007ffc658e5000 	C:\WINDOWS\SYSTEM32\profapi.dll
0x00007ffc5dab0000 - 0x00007ffc5dac9000 	C:\Program Files\Android\Android Studio\jbr\bin\net.dll
0x00007ffc5d990000 - 0x00007ffc5daa4000 	C:\WINDOWS\SYSTEM32\WINHTTP.dll
0x00007ffc64eb0000 - 0x00007ffc64f17000 	C:\WINDOWS\system32\mswsock.dll
0x00007ffc56320000 - 0x00007ffc56336000 	C:\Program Files\Android\Android Studio\jbr\bin\nio.dll
0x00007ffc61df0000 - 0x00007ffc61e00000 	C:\Program Files\Android\Android Studio\jbr\bin\verify.dll

dbghelp: loaded successfully - version: 4.0.5 - missing functions: none
symbol engine: initialized successfully - sym options: 0x614 - pdb path: .;C:\Program Files\Android\Android Studio\jbr\bin;C:\WINDOWS\SYSTEM32;C:\WINDOWS\WinSxS\amd64_microsoft.windows.common-controls_6595b64144ccf1df_6.0.22000.120_none_9d947278b86cc467;C:\Program Files\Android\Android Studio\jbr\bin\server

VM Arguments:
java_command: org.jetbrains.kotlin.cli.jvm.K2JVMCompiler @C:\Users\USER\AndroidStudioProjects\KFit\app\build\20231028_9666792410653670928.compiler.options
java_class_path (initial): C:\Users\USER\AndroidStudioProjects\.gradle\caches\modules-2\files-2.1\org.jetbrains.kotlin\kotlin-compiler-embeddable\1.9.0\2c8c3a7402becca891f12739b3e9fd2dc2adbd7a\kotlin-compiler-embeddable-1.9.0.jar;C:\Users\USER\AndroidStudioProjects\.gradle\caches\modules-2\files-2.1\org.jetbrains.kotlin\kotlin-stdlib\1.9.0\8ee15ef0c67dc83d874f412d84378d7f0eb50b63\kotlin-stdlib-1.9.0.jar;C:\Users\USER\AndroidStudioProjects\.gradle\caches\modules-2\files-2.1\org.jetbrains.kotlin\kotlin-script-runtime\1.9.0\4b3102cbbb7e1b58d9d1adf89563f00069ffa7d1\kotlin-script-runtime-1.9.0.jar;C:\Users\USER\AndroidStudioProjects\.gradle\caches\modules-2\files-2.1\org.jetbrains.kotlin\kotlin-reflect\1.6.10\1cbe9c92c12a94eea200d23c2bbaedaf3daf5132\kotlin-reflect-1.6.10.jar;C:\Users\USER\AndroidStudioProjects\.gradle\caches\modules-2\files-2.1\org.jetbrains.kotlin\kotlin-daemon-embeddable\1.9.0\186543f5e28cf8d9a0290fecc2cf34301c40a65c\kotlin-daemon-embeddable-1.9.0.jar;C:\Users\USER\AndroidStudioProjects\.gradle\caches\modules-2\files-2.1\org.jetbrains.intellij.deps\trove4j\1.0.20200330\3afb14d5f9ceb459d724e907a21145e8ff394f02\trove4j-1.0.20200330.jar;C:\Users\USER\AndroidStudioProjects\.gradle\caches\modules-2\files-2.1\org.jetbrains.kotlin\kotlin-stdlib-common\1.9.0\cd65c21cfd1eec4d44ef09f9f52b6d9f8a720636\kotlin-stdlib-common-1.9.0.jar;C:\Users\USER\AndroidStudioProjects\.gradle\caches\modules-2\files-2.1\org.jetbrains\annotations\13.0\919f0dfe192fb4e063e7dacadee7f8bb9a2672a9\annotations-13.0.jar
Launcher Type: SUN_STANDARD

[Global flags]
     intx CICompilerCount                          = 4                                         {product} {ergonomic}
     uint ConcGCThreads                            = 2                                         {product} {ergonomic}
     uint G1ConcRefinementThreads                  = 8                                         {product} {ergonomic}
   size_t G1HeapRegionSize                         = 1048576                                   {product} {ergonomic}
    uintx GCDrainStackTargetSize                   = 64                                        {product} {ergonomic}
   size_t InitialHeapSize                          = 100663296                                 {product} {ergonomic}
   size_t MarkStackSize                            = 4194304                                   {product} {ergonomic}
   size_t MaxHeapSize                              = 1598029824                                {product} {ergonomic}
   size_t MaxNewSize                               = 958398464                                 {product} {ergonomic}
   size_t MinHeapDeltaBytes                        = 1048576                                   {product} {ergonomic}
   size_t MinHeapSize                              = 8388608                                   {product} {ergonomic}
    uintx NonNMethodCodeHeapSize                   = 5839372                                {pd product} {ergonomic}
    uintx NonProfiledCodeHeapSize                  = 122909434                              {pd product} {ergonomic}
    uintx ProfiledCodeHeapSize                     = 122909434                              {pd product} {ergonomic}
    uintx ReservedCodeCacheSize                    = 251658240                              {pd product} {ergonomic}
     bool SegmentedCodeCache                       = true                                      {product} {ergonomic}
   size_t SoftMaxHeapSize                          = 1598029824                             {manageable} {ergonomic}
     bool UseCompressedClassPointers               = true                           {product lp64_product} {ergonomic}
     bool UseCompressedOops                        = true                           {product lp64_product} {ergonomic}
     bool UseG1GC                                  = true                                      {product} {ergonomic}
     bool UseLargePagesIndividualAllocation        = false                                  {pd product} {ergonomic}

Logging:
Log output configuration:
 #0: stdout all=warning uptime,level,tags
 #1: stderr all=off uptime,level,tags

Environment Variables:
JAVA_HOME=C:\Program Files\Java\jdk-18.0.1.1
PATH=C:\Program Files (x86)\NVIDIA Corporation\PhysX\Common;C:\Program Files\Common Files\Oracle\Java\javapath;C:\WINDOWS\system32;C:\WINDOWS;C:\WINDOWS\System32\Wbem;C:\WINDOWS\System32\WindowsPowerShell\v1.0\;C:\WINDOWS\System32\OpenSSH\;C:\Program Files\dotnet\;C:\Program Files (x86)\dotnet\;C:\Users\USER\AppData\Local\Microsoft\WindowsApps;C:\Users\USER\AppData\Local\Programs\Microsoft VS Code\bin;C:\Program Files\mingw-w64\x86_64-8.1.0-posix-seh-rt_v6-rev0\mingw64\bin;C:\adb;C:\Program Files\Java\jdk-18.0.1.1\bin;C:\xampp\php;C:\flutter\bin;C:\Program Files\MySQL\MySQL Shell 8.0\bin\;C:\Users\USER\AppData\Local\Microsoft\WindowsApps;C:\Users\USER\AppData\Local\Programs\Microsoft VS Code\bin;C:\Program Files\mingw-w64\x86_64-8.1.0-posix-seh-rt_v6-rev0\mingw64\bin;C:\src\flutter\bin;C:\flutter\bin;C:\Users\USER\AppData\Local\JetBrains\Toolbox\scripts;
USERNAME=USER
OS=Windows_NT
PROCESSOR_IDENTIFIER=AMD64 Family 23 Model 24 Stepping 1, AuthenticAMD
TMP=C:\Users\USER\AppData\Local\Temp
TEMP=C:\Users\USER\AppData\Local\Temp


JNI global refs:
JNI global refs: 8, weak refs: 0

JNI global refs memory usage: 843, weak refs: 841


---------------  S Y S T E M  ---------------

OS:
 Windows 11 , 64 bit Build 22000 (10.0.22000.2538)
OS uptime: 1 days 11:35 hours

CPU: total 8 (initial active 8) (8 cores per cpu, 2 threads per core) family 23 model 24 stepping 1 microcode 0x0, cx8, cmov, fxsr, ht, mmx, 3dnowpref, sse, sse2, sse3, ssse3, sse4a, sse4.1, sse4.2, popcnt, lzcnt, tsc, tscinvbit, avx, avx2, aes, clmul, bmi1, bmi2, adx, sha, fma, vzeroupper, clflush, clflushopt

Memory: 4k page, system-wide physical 6091M (1731M free)
TotalPageFile size 13591M (AvailPageFile size 4M)
current process WorkingSet (physical memory assigned to process): 38M, peak: 117M
current process commit charge ("private bytes"): 215M, peak: 216M

vm_info: OpenJDK 64-Bit Server VM (17.0.6+0-b2043.56-10027231) for windows-amd64 JRE (17.0.6+0-b2043.56-10027231), built on Apr 28 2023 00:43:19 by "androidbuild" with MS VC++ 16.10 / 16.11 (VS2019)

END.
