#
# There is insufficient memory for the Java Runtime Environment to continue.
# Native memory allocation (mmap) failed to map 138412032 bytes for G1 virtual space
# Possible reasons:
#   The system is out of physical RAM or swap space
#   The process is running with CompressedOops enabled, and the Java Heap may be blocking the growth of the native heap
# Possible solutions:
#   Reduce memory load on the system
#   Increase physical memory or swap space
#   Check if swap backing store is full
#   Decrease Java heap size (-Xmx/-Xms)
#   Decrease number of Java threads
#   Decrease Java thread stack sizes (-Xss)
#   Set larger code cache with -XX:ReservedCodeCacheSize=
#   JVM is running with Unscaled Compressed Oops mode in which the Java heap is
#     placed in the first 4GB address space. The Java Heap base address is the
#     maximum limit for the native heap growth. Please use -XX:HeapBaseMinAddress
#     to set the Java Heap base and to place the Java Heap above 4GB virtual address.
# This output file may be truncated or incomplete.
#
#  Out of Memory Error (os_windows.cpp:3769), pid=15692, tid=12664
#
# JRE version: OpenJDK Runtime Environment (17.0.6) (build 17.0.6+0-b2043.56-10027231)
# Java VM: OpenJDK 64-Bit Server VM (17.0.6+0-b2043.56-10027231, mixed mode, tiered, compressed oops, compressed class ptrs, g1 gc, windows-amd64)
# No core dump will be written. Minidumps are not enabled by default on client versions of Windows
#

---------------  S U M M A R Y ------------

Command Line: org.jetbrains.kotlin.cli.jvm.K2JVMCompiler @C:\Users\USER\AndroidStudioProjects\KFit\app\build\20231108_12694718429982250310.compiler.options

Host: AMD Ryzen 5 3500U with Radeon Vega Mobile Gfx  , 8 cores, 5G,  Windows 11 , 64 bit Build 22000 (10.0.22000.2538)
Time: Wed Nov  8 18:04:29 2023 Malay Peninsula Standard Time elapsed time: 24.329779 seconds (0d 0h 0m 24s)

---------------  T H R E A D  ---------------

Current thread (0x000001a0de525040):  VMThread "VM Thread" [stack: 0x00000056c2e00000,0x00000056c2f00000] [id=12664]

Stack: [0x00000056c2e00000,0x00000056c2f00000]
Native frames: (J=compiled Java code, j=interpreted, Vv=VM code, C=native code)
V  [jvm.dll+0x683c9a]
V  [jvm.dll+0x8427a4]
V  [jvm.dll+0x843f9e]
V  [jvm.dll+0x844603]
V  [jvm.dll+0x249b75]
V  [jvm.dll+0x680b69]
V  [jvm.dll+0x67505a]
V  [jvm.dll+0x309acb]
V  [jvm.dll+0x310f86]
V  [jvm.dll+0x3608ee]
V  [jvm.dll+0x360b1f]
V  [jvm.dll+0x2dfbf8]
V  [jvm.dll+0x2ddec4]
V  [jvm.dll+0x2dd4cc]
V  [jvm.dll+0x321f3b]
V  [jvm.dll+0x848ccb]
V  [jvm.dll+0x849a04]
V  [jvm.dll+0x849f1d]
V  [jvm.dll+0x84a2f4]
V  [jvm.dll+0x84a3c0]
V  [jvm.dll+0x7f274a]
V  [jvm.dll+0x682ad5]
C  [ucrtbase.dll+0x26c0c]
C  [KERNEL32.DLL+0x153e0]
C  [ntdll.dll+0x485b]

VM_Operation (0x00000056c28fd170): G1CollectForAllocation, mode: safepoint, requested by thread 0x000001a0c5a607d0


---------------  P R O C E S S  ---------------

Threads class SMR info:
_java_thread_list=0x000001a0e082a530, length=14, elements={
0x000001a0c5a607d0, 0x000001a0de54a030, 0x000001a0de54c870, 0x000001a0de5789c0,
0x000001a0de579770, 0x000001a0df010450, 0x000001a0df0134c0, 0x000001a0df0174b0,
0x000001a0df017ea0, 0x000001a0df01f770, 0x000001a0df175100, 0x000001a0df185520,
0x000001a0e2a32e50, 0x000001a0e2d75530
}

Java Threads: ( => current thread )
  0x000001a0c5a607d0 JavaThread "main" [_thread_blocked, id=2944, stack(0x00000056c2800000,0x00000056c2900000)]
  0x000001a0de54a030 JavaThread "Reference Handler" daemon [_thread_blocked, id=16988, stack(0x00000056c2f00000,0x00000056c3000000)]
  0x000001a0de54c870 JavaThread "Finalizer" daemon [_thread_blocked, id=16804, stack(0x00000056c3000000,0x00000056c3100000)]
  0x000001a0de5789c0 JavaThread "Signal Dispatcher" daemon [_thread_blocked, id=16276, stack(0x00000056c3100000,0x00000056c3200000)]
  0x000001a0de579770 JavaThread "Attach Listener" daemon [_thread_blocked, id=14516, stack(0x00000056c3200000,0x00000056c3300000)]
  0x000001a0df010450 JavaThread "Service Thread" daemon [_thread_blocked, id=1704, stack(0x00000056c3300000,0x00000056c3400000)]
  0x000001a0df0134c0 JavaThread "Monitor Deflation Thread" daemon [_thread_blocked, id=10616, stack(0x00000056c3400000,0x00000056c3500000)]
  0x000001a0df0174b0 JavaThread "C2 CompilerThread0" daemon [_thread_blocked, id=12452, stack(0x00000056c3500000,0x00000056c3600000)]
  0x000001a0df017ea0 JavaThread "C1 CompilerThread0" daemon [_thread_blocked, id=15344, stack(0x00000056c3600000,0x00000056c3700000)]
  0x000001a0df01f770 JavaThread "Sweeper thread" daemon [_thread_blocked, id=10716, stack(0x00000056c3700000,0x00000056c3800000)]
  0x000001a0df175100 JavaThread "Notification Thread" daemon [_thread_blocked, id=8604, stack(0x00000056c3800000,0x00000056c3900000)]
  0x000001a0df185520 JavaThread "Common-Cleaner" daemon [_thread_blocked, id=14604, stack(0x00000056c3a00000,0x00000056c3b00000)]
  0x000001a0e2a32e50 JavaThread "C2 CompilerThread1" daemon [_thread_blocked, id=15260, stack(0x00000056c4300000,0x00000056c4400000)]
  0x000001a0e2d75530 JavaThread "C2 CompilerThread2" daemon [_thread_blocked, id=17264, stack(0x00000056c4400000,0x00000056c4500000)]

Other Threads:
=>0x000001a0de525040 VMThread "VM Thread" [stack: 0x00000056c2e00000,0x00000056c2f00000] [id=12664]
  0x000001a0c5ac8390 WatcherThread [stack: 0x00000056c3900000,0x00000056c3a00000] [id=2580]
  0x000001a0c5aa8c00 GCTaskThread "GC Thread#0" [stack: 0x00000056c2900000,0x00000056c2a00000] [id=16132]
  0x000001a0df7399e0 GCTaskThread "GC Thread#1" [stack: 0x00000056c3c00000,0x00000056c3d00000] [id=14748]
  0x000001a0df7577a0 GCTaskThread "GC Thread#2" [stack: 0x00000056c3d00000,0x00000056c3e00000] [id=13492]
  0x000001a0df77e540 GCTaskThread "GC Thread#3" [stack: 0x00000056c3e00000,0x00000056c3f00000] [id=15916]
  0x000001a0df77e7f0 GCTaskThread "GC Thread#4" [stack: 0x00000056c3f00000,0x00000056c4000000] [id=7952]
  0x000001a0dfb0c330 GCTaskThread "GC Thread#5" [stack: 0x00000056c3b00000,0x00000056c3c00000] [id=15860]
  0x000001a0dfb0b870 GCTaskThread "GC Thread#6" [stack: 0x00000056c4000000,0x00000056c4100000] [id=7040]
  0x000001a0dfb0b310 GCTaskThread "GC Thread#7" [stack: 0x00000056c4100000,0x00000056c4200000] [id=12672]
  0x000001a0c5ab69d0 ConcurrentGCThread "G1 Main Marker" [stack: 0x00000056c2a00000,0x00000056c2b00000] [id=8712]
  0x000001a0c5ab7b80 ConcurrentGCThread "G1 Conc#0" [stack: 0x00000056c2b00000,0x00000056c2c00000] [id=4040]
  0x000001a0dfb0c5e0 ConcurrentGCThread "G1 Conc#1" [stack: 0x00000056c4200000,0x00000056c4300000] [id=9668]
  0x000001a0c5b2ce30 ConcurrentGCThread "G1 Refine#0" [stack: 0x00000056c2c00000,0x00000056c2d00000] [id=13300]
  0x000001a0e5863da0 ConcurrentGCThread "G1 Refine#1" [stack: 0x00000056c4500000,0x00000056c4600000] [id=15788]
  0x000001a0e2544580 ConcurrentGCThread "G1 Refine#2" [stack: 0x00000056c4600000,0x00000056c4700000] [id=13028]
  0x000001a0e5f9e5e0 ConcurrentGCThread "G1 Refine#3" [stack: 0x00000056c4700000,0x00000056c4800000] [id=1272]
  0x000001a0e5f9d1c0 ConcurrentGCThread "G1 Refine#4" [stack: 0x00000056c4800000,0x00000056c4900000] [id=10092]
  0x000001a0c5b2d850 ConcurrentGCThread "G1 Service" [stack: 0x00000056c2d00000,0x00000056c2e00000] [id=13936]

Threads with active compile tasks:
C2 CompilerThread0    24346 17071       4       org.jetbrains.kotlin.ir.util.IrFakeOverrideUtilsKt::collectAndFilterRealOverrides$excludeRepeated (106 bytes)
C1 CompilerThread0    24346 17269       3       org.jetbrains.kotlin.backend.jvm.lower.JvmOptimizationLowering::getOperandsIfCallToEQEQOrEquals (94 bytes)
C2 CompilerThread1    24346 17190       4       org.jetbrains.kotlin.backend.jvm.lower.BridgeLowering::createBridges (1016 bytes)
C2 CompilerThread2    24346 17253       4       org.jetbrains.kotlin.backend.jvm.caches.BridgeLoweringCache::canHaveSpecialBridge (152 bytes)

VM state: at safepoint (normal execution)

VM Mutex/Monitor currently owned by a thread:  ([mutex/lock_event])
[0x000001a0c5a5d2b0] Threads_lock - owner thread: 0x000001a0de525040
[0x000001a0c5a5dd60] Heap_lock - owner thread: 0x000001a0c5a607d0

Heap address: 0x00000000a0c00000, size: 1524 MB, Compressed Oops mode: 32-bit

CDS archive(s) not mapped
Compressed class space mapped at: 0x0000000100000000-0x0000000140000000, reserved size: 1073741824
Narrow klass base: 0x0000000000000000, Narrow klass shift: 3, Narrow klass range: 0x140000000

GC Precious Log:
 CPUs: 8 total, 8 available
 Memory: 6091M
 Large Page Support: Disabled
 NUMA Support: Disabled
 Compressed Oops: Enabled (32-bit)
 Heap Region Size: 1M
 Heap Min Capacity: 8M
 Heap Initial Capacity: 96M
 Heap Max Capacity: 1524M
 Pre-touch: Disabled
 Parallel Workers: 8
 Concurrent Workers: 2
 Concurrent Refinement Workers: 8
 Periodic GC: Disabled

Heap:
 garbage-first heap   total 188416K, used 114427K [0x00000000a0c00000, 0x0000000100000000)
  region size 1024K, 2 young (2048K), 2 survivors (2048K)
 Metaspace       used 85651K, committed 85952K, reserved 1130496K
  class space    used 9410K, committed 9600K, reserved 1048576K

Heap Regions: E=young(eden), S=young(survivor), O=old, HS=humongous(starts), HC=humongous(continues), CS=collection set, F=free, OA=open archive, CA=closed archive, TAMS=top-at-mark-start (previous, next)
|   0|0x00000000a0c00000, 0x00000000a0d00000, 0x00000000a0d00000|100%|HS|  |TAMS 0x00000000a0d00000, 0x00000000a0c00000| Complete 
|   1|0x00000000a0d00000, 0x00000000a0e00000, 0x00000000a0e00000|100%|HC|  |TAMS 0x00000000a0e00000, 0x00000000a0d00000| Complete 
|   2|0x00000000a0e00000, 0x00000000a0f00000, 0x00000000a0f00000|100%|HC|  |TAMS 0x00000000a0f00000, 0x00000000a0e00000| Complete 
|   3|0x00000000a0f00000, 0x00000000a1000000, 0x00000000a1000000|100%|HC|  |TAMS 0x00000000a1000000, 0x00000000a0f00000| Complete 
|   4|0x00000000a1000000, 0x00000000a1100000, 0x00000000a1100000|100%| O|  |TAMS 0x00000000a1100000, 0x00000000a1000000| Untracked 
|   5|0x00000000a1100000, 0x00000000a1200000, 0x00000000a1200000|100%| O|  |TAMS 0x00000000a1200000, 0x00000000a1100000| Untracked 
|   6|0x00000000a1200000, 0x00000000a1300000, 0x00000000a1300000|100%| O|  |TAMS 0x00000000a1300000, 0x00000000a1200000| Untracked 
|   7|0x00000000a1300000, 0x00000000a1400000, 0x00000000a1400000|100%| O|  |TAMS 0x00000000a1400000, 0x00000000a1300000| Untracked 
|   8|0x00000000a1400000, 0x00000000a1500000, 0x00000000a1500000|100%| O|  |TAMS 0x00000000a1500000, 0x00000000a1400000| Untracked 
|   9|0x00000000a1500000, 0x00000000a1600000, 0x00000000a1600000|100%| O|  |TAMS 0x00000000a1600000, 0x00000000a1500000| Untracked 
|  10|0x00000000a1600000, 0x00000000a1700000, 0x00000000a1700000|100%| O|  |TAMS 0x00000000a1700000, 0x00000000a1600000| Untracked 
|  11|0x00000000a1700000, 0x00000000a1800000, 0x00000000a1800000|100%| O|  |TAMS 0x00000000a1800000, 0x00000000a1700000| Untracked 
|  12|0x00000000a1800000, 0x00000000a1900000, 0x00000000a1900000|100%| O|  |TAMS 0x00000000a1900000, 0x00000000a1800000| Untracked 
|  13|0x00000000a1900000, 0x00000000a1a00000, 0x00000000a1a00000|100%| O|  |TAMS 0x00000000a1a00000, 0x00000000a1900000| Untracked 
|  14|0x00000000a1a00000, 0x00000000a1b00000, 0x00000000a1b00000|100%| O|  |TAMS 0x00000000a1b00000, 0x00000000a1a00000| Untracked 
|  15|0x00000000a1b00000, 0x00000000a1c00000, 0x00000000a1c00000|100%| O|  |TAMS 0x00000000a1c00000, 0x00000000a1b00000| Untracked 
|  16|0x00000000a1c00000, 0x00000000a1d00000, 0x00000000a1d00000|100%| O|  |TAMS 0x00000000a1d00000, 0x00000000a1c00000| Untracked 
|  17|0x00000000a1d00000, 0x00000000a1e00000, 0x00000000a1e00000|100%| O|  |TAMS 0x00000000a1e00000, 0x00000000a1d00000| Untracked 
|  18|0x00000000a1e00000, 0x00000000a1f00000, 0x00000000a1f00000|100%| O|  |TAMS 0x00000000a1f00000, 0x00000000a1e00000| Untracked 
|  19|0x00000000a1f00000, 0x00000000a2000000, 0x00000000a2000000|100%| O|  |TAMS 0x00000000a2000000, 0x00000000a1f00000| Untracked 
|  20|0x00000000a2000000, 0x00000000a2100000, 0x00000000a2100000|100%| O|  |TAMS 0x00000000a2100000, 0x00000000a2000000| Untracked 
|  21|0x00000000a2100000, 0x00000000a2200000, 0x00000000a2200000|100%| O|  |TAMS 0x00000000a2200000, 0x00000000a2100000| Untracked 
|  22|0x00000000a2200000, 0x00000000a2300000, 0x00000000a2300000|100%| O|  |TAMS 0x00000000a2300000, 0x00000000a2200000| Untracked 
|  23|0x00000000a2300000, 0x00000000a2400000, 0x00000000a2400000|100%| O|  |TAMS 0x00000000a2400000, 0x00000000a2300000| Untracked 
|  24|0x00000000a2400000, 0x00000000a2500000, 0x00000000a2500000|100%|HS|  |TAMS 0x00000000a2500000, 0x00000000a2400000| Complete 
|  25|0x00000000a2500000, 0x00000000a2600000, 0x00000000a2600000|100%|HC|  |TAMS 0x00000000a2600000, 0x00000000a2500000| Complete 
|  26|0x00000000a2600000, 0x00000000a2700000, 0x00000000a2700000|100%| O|  |TAMS 0x00000000a2700000, 0x00000000a2600000| Untracked 
|  27|0x00000000a2700000, 0x00000000a2800000, 0x00000000a2800000|100%| O|  |TAMS 0x00000000a2800000, 0x00000000a2700000| Untracked 
|  28|0x00000000a2800000, 0x00000000a2900000, 0x00000000a2900000|100%| O|  |TAMS 0x00000000a2900000, 0x00000000a2800000| Untracked 
|  29|0x00000000a2900000, 0x00000000a2a00000, 0x00000000a2a00000|100%| O|  |TAMS 0x00000000a2a00000, 0x00000000a2900000| Untracked 
|  30|0x00000000a2a00000, 0x00000000a2b00000, 0x00000000a2b00000|100%| O|  |TAMS 0x00000000a2b00000, 0x00000000a2a00000| Untracked 
|  31|0x00000000a2b00000, 0x00000000a2c00000, 0x00000000a2c00000|100%| O|  |TAMS 0x00000000a2c00000, 0x00000000a2b00000| Untracked 
|  32|0x00000000a2c00000, 0x00000000a2d00000, 0x00000000a2d00000|100%| O|  |TAMS 0x00000000a2d00000, 0x00000000a2c00000| Untracked 
|  33|0x00000000a2d00000, 0x00000000a2e00000, 0x00000000a2e00000|100%| O|  |TAMS 0x00000000a2e00000, 0x00000000a2d00000| Untracked 
|  34|0x00000000a2e00000, 0x00000000a2f00000, 0x00000000a2f00000|100%| O|  |TAMS 0x00000000a2f00000, 0x00000000a2e00000| Untracked 
|  35|0x00000000a2f00000, 0x00000000a3000000, 0x00000000a3000000|100%| O|  |TAMS 0x00000000a3000000, 0x00000000a2f00000| Untracked 
|  36|0x00000000a3000000, 0x00000000a3100000, 0x00000000a3100000|100%| O|  |TAMS 0x00000000a3100000, 0x00000000a3000000| Untracked 
|  37|0x00000000a3100000, 0x00000000a3200000, 0x00000000a3200000|100%| O|  |TAMS 0x00000000a3200000, 0x00000000a3100000| Untracked 
|  38|0x00000000a3200000, 0x00000000a3300000, 0x00000000a3300000|100%| O|  |TAMS 0x00000000a3300000, 0x00000000a3200000| Untracked 
|  39|0x00000000a3300000, 0x00000000a3400000, 0x00000000a3400000|100%| O|  |TAMS 0x00000000a3300000, 0x00000000a3300000| Untracked 
|  40|0x00000000a3400000, 0x00000000a3500000, 0x00000000a3500000|100%| O|  |TAMS 0x00000000a3500000, 0x00000000a3400000| Untracked 
|  41|0x00000000a3500000, 0x00000000a3600000, 0x00000000a3600000|100%| O|  |TAMS 0x00000000a3600000, 0x00000000a3500000| Untracked 
|  42|0x00000000a3600000, 0x00000000a3700000, 0x00000000a3700000|100%| O|  |TAMS 0x00000000a3700000, 0x00000000a3600000| Untracked 
|  43|0x00000000a3700000, 0x00000000a3800000, 0x00000000a3800000|100%| O|  |TAMS 0x00000000a3800000, 0x00000000a3700000| Untracked 
|  44|0x00000000a3800000, 0x00000000a3900000, 0x00000000a3900000|100%| O|  |TAMS 0x00000000a3900000, 0x00000000a3800000| Untracked 
|  45|0x00000000a3900000, 0x00000000a3a00000, 0x00000000a3a00000|100%| O|  |TAMS 0x00000000a3a00000, 0x00000000a3900000| Untracked 
|  46|0x00000000a3a00000, 0x00000000a3b00000, 0x00000000a3b00000|100%| O|  |TAMS 0x00000000a3b00000, 0x00000000a3a00000| Untracked 
|  47|0x00000000a3b00000, 0x00000000a3c00000, 0x00000000a3c00000|100%| O|  |TAMS 0x00000000a3c00000, 0x00000000a3b00000| Untracked 
|  48|0x00000000a3c00000, 0x00000000a3d00000, 0x00000000a3d00000|100%| O|  |TAMS 0x00000000a3d00000, 0x00000000a3c00000| Untracked 
|  49|0x00000000a3d00000, 0x00000000a3e00000, 0x00000000a3e00000|100%| O|  |TAMS 0x00000000a3e00000, 0x00000000a3d00000| Untracked 
|  50|0x00000000a3e00000, 0x00000000a3f00000, 0x00000000a3f00000|100%| O|  |TAMS 0x00000000a3f00000, 0x00000000a3e00000| Untracked 
|  51|0x00000000a3f00000, 0x00000000a4000000, 0x00000000a4000000|100%| O|  |TAMS 0x00000000a4000000, 0x00000000a3f00000| Untracked 
|  52|0x00000000a4000000, 0x00000000a4100000, 0x00000000a4100000|100%| O|  |TAMS 0x00000000a40ea200, 0x00000000a4000000| Untracked 
|  53|0x00000000a4100000, 0x00000000a4200000, 0x00000000a4200000|100%| O|  |TAMS 0x00000000a4100000, 0x00000000a4100000| Untracked 
|  54|0x00000000a4200000, 0x00000000a4300000, 0x00000000a4300000|100%| O|  |TAMS 0x00000000a4200000, 0x00000000a4200000| Untracked 
|  55|0x00000000a4300000, 0x00000000a4400000, 0x00000000a4400000|100%| O|  |TAMS 0x00000000a4300000, 0x00000000a4300000| Untracked 
|  56|0x00000000a4400000, 0x00000000a4500000, 0x00000000a4500000|100%| O|  |TAMS 0x00000000a4400000, 0x00000000a4400000| Untracked 
|  57|0x00000000a4500000, 0x00000000a4600000, 0x00000000a4600000|100%| O|  |TAMS 0x00000000a4500000, 0x00000000a4500000| Untracked 
|  58|0x00000000a4600000, 0x00000000a4700000, 0x00000000a4700000|100%| O|  |TAMS 0x00000000a4600000, 0x00000000a4600000| Untracked 
|  59|0x00000000a4700000, 0x00000000a4800000, 0x00000000a4800000|100%| O|  |TAMS 0x00000000a4700000, 0x00000000a4700000| Untracked 
|  60|0x00000000a4800000, 0x00000000a4900000, 0x00000000a4900000|100%| O|  |TAMS 0x00000000a4800000, 0x00000000a4800000| Untracked 
|  61|0x00000000a4900000, 0x00000000a4a00000, 0x00000000a4a00000|100%| O|  |TAMS 0x00000000a4900000, 0x00000000a4900000| Untracked 
|  62|0x00000000a4a00000, 0x00000000a4b00000, 0x00000000a4b00000|100%| O|  |TAMS 0x00000000a4a00000, 0x00000000a4a00000| Untracked 
|  63|0x00000000a4b00000, 0x00000000a4c00000, 0x00000000a4c00000|100%| O|  |TAMS 0x00000000a4b00000, 0x00000000a4b00000| Untracked 
|  64|0x00000000a4c00000, 0x00000000a4d00000, 0x00000000a4d00000|100%| O|  |TAMS 0x00000000a4c00000, 0x00000000a4c00000| Untracked 
|  65|0x00000000a4d00000, 0x00000000a4e00000, 0x00000000a4e00000|100%| O|  |TAMS 0x00000000a4d00000, 0x00000000a4d00000| Untracked 
|  66|0x00000000a4e00000, 0x00000000a4f00000, 0x00000000a4f00000|100%| O|  |TAMS 0x00000000a4e00000, 0x00000000a4e00000| Untracked 
|  67|0x00000000a4f00000, 0x00000000a5000000, 0x00000000a5000000|100%| O|  |TAMS 0x00000000a4f00000, 0x00000000a4f00000| Untracked 
|  68|0x00000000a5000000, 0x00000000a5100000, 0x00000000a5100000|100%| O|  |TAMS 0x00000000a5000000, 0x00000000a5000000| Untracked 
|  69|0x00000000a5100000, 0x00000000a5200000, 0x00000000a5200000|100%| O|  |TAMS 0x00000000a5100000, 0x00000000a5100000| Untracked 
|  70|0x00000000a5200000, 0x00000000a5300000, 0x00000000a5300000|100%|HS|  |TAMS 0x00000000a5200000, 0x00000000a5200000| Complete 
|  71|0x00000000a5300000, 0x00000000a5400000, 0x00000000a5400000|100%|HC|  |TAMS 0x00000000a5300000, 0x00000000a5300000| Complete 
|  72|0x00000000a5400000, 0x00000000a5500000, 0x00000000a5500000|100%| O|  |TAMS 0x00000000a5400000, 0x00000000a5400000| Untracked 
|  73|0x00000000a5500000, 0x00000000a5600000, 0x00000000a5600000|100%| O|  |TAMS 0x00000000a5500000, 0x00000000a5500000| Untracked 
|  74|0x00000000a5600000, 0x00000000a5700000, 0x00000000a5700000|100%| O|  |TAMS 0x00000000a5600000, 0x00000000a5600000| Untracked 
|  75|0x00000000a5700000, 0x00000000a5800000, 0x00000000a5800000|100%| O|  |TAMS 0x00000000a5700000, 0x00000000a5700000| Untracked 
|  76|0x00000000a5800000, 0x00000000a5900000, 0x00000000a5900000|100%| O|  |TAMS 0x00000000a5800000, 0x00000000a5800000| Untracked 
|  77|0x00000000a5900000, 0x00000000a5a00000, 0x00000000a5a00000|100%| O|  |TAMS 0x00000000a5900000, 0x00000000a5900000| Untracked 
|  78|0x00000000a5a00000, 0x00000000a5b00000, 0x00000000a5b00000|100%| O|  |TAMS 0x00000000a5a00000, 0x00000000a5a00000| Untracked 
|  79|0x00000000a5b00000, 0x00000000a5c00000, 0x00000000a5c00000|100%| O|  |TAMS 0x00000000a5b00000, 0x00000000a5b00000| Untracked 
|  80|0x00000000a5c00000, 0x00000000a5d00000, 0x00000000a5d00000|100%| O|  |TAMS 0x00000000a5c00000, 0x00000000a5c00000| Untracked 
|  81|0x00000000a5d00000, 0x00000000a5e00000, 0x00000000a5e00000|100%| O|  |TAMS 0x00000000a5d00000, 0x00000000a5d00000| Untracked 
|  82|0x00000000a5e00000, 0x00000000a5f00000, 0x00000000a5f00000|100%| O|  |TAMS 0x00000000a5e00000, 0x00000000a5e00000| Untracked 
|  83|0x00000000a5f00000, 0x00000000a6000000, 0x00000000a6000000|100%| O|  |TAMS 0x00000000a5f00000, 0x00000000a5f00000| Untracked 
|  84|0x00000000a6000000, 0x00000000a6100000, 0x00000000a6100000|100%| O|  |TAMS 0x00000000a6000000, 0x00000000a6000000| Untracked 
|  85|0x00000000a6100000, 0x00000000a6200000, 0x00000000a6200000|100%| O|  |TAMS 0x00000000a6100000, 0x00000000a6100000| Untracked 
|  86|0x00000000a6200000, 0x00000000a6300000, 0x00000000a6300000|100%| O|  |TAMS 0x00000000a6200000, 0x00000000a6200000| Untracked 
|  87|0x00000000a6300000, 0x00000000a6400000, 0x00000000a6400000|100%| O|  |TAMS 0x00000000a6300000, 0x00000000a6300000| Untracked 
|  88|0x00000000a6400000, 0x00000000a6500000, 0x00000000a6500000|100%| O|  |TAMS 0x00000000a6400000, 0x00000000a6400000| Untracked 
|  89|0x00000000a6500000, 0x00000000a6600000, 0x00000000a6600000|100%| O|  |TAMS 0x00000000a6500000, 0x00000000a6500000| Untracked 
|  90|0x00000000a6600000, 0x00000000a6700000, 0x00000000a6700000|100%| O|  |TAMS 0x00000000a6600000, 0x00000000a6600000| Untracked 
|  91|0x00000000a6700000, 0x00000000a6800000, 0x00000000a6800000|100%| O|  |TAMS 0x00000000a6700000, 0x00000000a6700000| Untracked 
|  92|0x00000000a6800000, 0x00000000a6900000, 0x00000000a6900000|100%| O|  |TAMS 0x00000000a6800000, 0x00000000a6800000| Untracked 
|  93|0x00000000a6900000, 0x00000000a6a00000, 0x00000000a6a00000|100%| O|  |TAMS 0x00000000a6900000, 0x00000000a6900000| Untracked 
|  94|0x00000000a6a00000, 0x00000000a6b00000, 0x00000000a6b00000|100%| O|  |TAMS 0x00000000a6a00000, 0x00000000a6a00000| Untracked 
|  95|0x00000000a6b00000, 0x00000000a6c00000, 0x00000000a6c00000|100%| O|  |TAMS 0x00000000a6b00000, 0x00000000a6b00000| Untracked 
|  96|0x00000000a6c00000, 0x00000000a6d00000, 0x00000000a6d00000|100%| O|  |TAMS 0x00000000a6c00000, 0x00000000a6c00000| Untracked 
|  97|0x00000000a6d00000, 0x00000000a6e00000, 0x00000000a6e00000|100%| O|  |TAMS 0x00000000a6d00000, 0x00000000a6d00000| Untracked 
|  98|0x00000000a6e00000, 0x00000000a6f00000, 0x00000000a6f00000|100%| O|  |TAMS 0x00000000a6e00000, 0x00000000a6e00000| Untracked 
|  99|0x00000000a6f00000, 0x00000000a7000000, 0x00000000a7000000|100%| O|  |TAMS 0x00000000a6f00000, 0x00000000a6f00000| Untracked 
| 100|0x00000000a7000000, 0x00000000a7100000, 0x00000000a7100000|100%| O|  |TAMS 0x00000000a7000000, 0x00000000a7000000| Untracked 
| 101|0x00000000a7100000, 0x00000000a7200000, 0x00000000a7200000|100%| O|  |TAMS 0x00000000a7100000, 0x00000000a7100000| Untracked 
| 102|0x00000000a7200000, 0x00000000a7300000, 0x00000000a7300000|100%| O|  |TAMS 0x00000000a7200000, 0x00000000a7200000| Untracked 
| 103|0x00000000a7300000, 0x00000000a7400000, 0x00000000a7400000|100%| O|  |TAMS 0x00000000a7300000, 0x00000000a7300000| Untracked 
| 104|0x00000000a7400000, 0x00000000a7500000, 0x00000000a7500000|100%| O|  |TAMS 0x00000000a7400000, 0x00000000a7400000| Untracked 
| 105|0x00000000a7500000, 0x00000000a7600000, 0x00000000a7600000|100%| O|  |TAMS 0x00000000a7500000, 0x00000000a7500000| Untracked 
| 106|0x00000000a7600000, 0x00000000a7700000, 0x00000000a7700000|100%| O|  |TAMS 0x00000000a7600000, 0x00000000a7600000| Untracked 
| 107|0x00000000a7700000, 0x00000000a7800000, 0x00000000a7800000|100%| O|  |TAMS 0x00000000a7700000, 0x00000000a7700000| Untracked 
| 108|0x00000000a7800000, 0x00000000a7900000, 0x00000000a7900000|100%| O|  |TAMS 0x00000000a7800000, 0x00000000a7800000| Untracked 
| 109|0x00000000a7900000, 0x00000000a79bec00, 0x00000000a7a00000| 74%| O|  |TAMS 0x00000000a7900000, 0x00000000a7900000| Untracked 
| 110|0x00000000a7a00000, 0x00000000a7a00000, 0x00000000a7b00000|  0%| F|  |TAMS 0x00000000a7a00000, 0x00000000a7a00000| Untracked 
| 111|0x00000000a7b00000, 0x00000000a7b00000, 0x00000000a7c00000|  0%| F|  |TAMS 0x00000000a7b00000, 0x00000000a7b00000| Untracked 
| 112|0x00000000a7c00000, 0x00000000a7c00000, 0x00000000a7d00000|  0%| F|  |TAMS 0x00000000a7c00000, 0x00000000a7c00000| Untracked 
| 113|0x00000000a7d00000, 0x00000000a7d00000, 0x00000000a7e00000|  0%| F|  |TAMS 0x00000000a7d00000, 0x00000000a7d00000| Untracked 
| 114|0x00000000a7e00000, 0x00000000a7e00000, 0x00000000a7f00000|  0%| F|  |TAMS 0x00000000a7e00000, 0x00000000a7e00000| Untracked 
| 115|0x00000000a7f00000, 0x00000000a7f00000, 0x00000000a8000000|  0%| F|  |TAMS 0x00000000a7f00000, 0x00000000a7f00000| Untracked 
| 116|0x00000000a8000000, 0x00000000a8000000, 0x00000000a8100000|  0%| F|  |TAMS 0x00000000a8000000, 0x00000000a8000000| Untracked 
| 117|0x00000000a8100000, 0x00000000a8100000, 0x00000000a8200000|  0%| F|  |TAMS 0x00000000a8100000, 0x00000000a8100000| Untracked 
| 118|0x00000000a8200000, 0x00000000a8200000, 0x00000000a8300000|  0%| F|  |TAMS 0x00000000a8200000, 0x00000000a8200000| Untracked 
| 119|0x00000000a8300000, 0x00000000a8300000, 0x00000000a8400000|  0%| F|  |TAMS 0x00000000a8300000, 0x00000000a8300000| Untracked 
| 120|0x00000000a8400000, 0x00000000a8400000, 0x00000000a8500000|  0%| F|  |TAMS 0x00000000a8400000, 0x00000000a8400000| Untracked 
| 121|0x00000000a8500000, 0x00000000a8500000, 0x00000000a8600000|  0%| F|  |TAMS 0x00000000a8500000, 0x00000000a8500000| Untracked 
| 122|0x00000000a8600000, 0x00000000a8600000, 0x00000000a8700000|  0%| F|  |TAMS 0x00000000a8600000, 0x00000000a8600000| Untracked 
| 123|0x00000000a8700000, 0x00000000a8700000, 0x00000000a8800000|  0%| F|  |TAMS 0x00000000a8700000, 0x00000000a8700000| Untracked 
| 124|0x00000000a8800000, 0x00000000a8800000, 0x00000000a8900000|  0%| F|  |TAMS 0x00000000a8800000, 0x00000000a8800000| Untracked 
| 125|0x00000000a8900000, 0x00000000a8900000, 0x00000000a8a00000|  0%| F|  |TAMS 0x00000000a8900000, 0x00000000a8900000| Untracked 
| 126|0x00000000a8a00000, 0x00000000a8a00000, 0x00000000a8b00000|  0%| F|  |TAMS 0x00000000a8a00000, 0x00000000a8a00000| Untracked 
| 127|0x00000000a8b00000, 0x00000000a8b00000, 0x00000000a8c00000|  0%| F|  |TAMS 0x00000000a8b00000, 0x00000000a8b00000| Untracked 
| 128|0x00000000a8c00000, 0x00000000a8c00000, 0x00000000a8d00000|  0%| F|  |TAMS 0x00000000a8c00000, 0x00000000a8c00000| Untracked 
| 129|0x00000000a8d00000, 0x00000000a8d00000, 0x00000000a8e00000|  0%| F|  |TAMS 0x00000000a8d00000, 0x00000000a8d00000| Untracked 
| 130|0x00000000a8e00000, 0x00000000a8e00000, 0x00000000a8f00000|  0%| F|  |TAMS 0x00000000a8e00000, 0x00000000a8e00000| Untracked 
| 131|0x00000000a8f00000, 0x00000000a8f00000, 0x00000000a9000000|  0%| F|  |TAMS 0x00000000a8f00000, 0x00000000a8f00000| Untracked 
| 132|0x00000000a9000000, 0x00000000a9000000, 0x00000000a9100000|  0%| F|  |TAMS 0x00000000a9000000, 0x00000000a9000000| Untracked 
| 133|0x00000000a9100000, 0x00000000a9100000, 0x00000000a9200000|  0%| F|  |TAMS 0x00000000a9100000, 0x00000000a9100000| Untracked 
| 134|0x00000000a9200000, 0x00000000a9200000, 0x00000000a9300000|  0%| F|  |TAMS 0x00000000a9200000, 0x00000000a9200000| Untracked 
| 135|0x00000000a9300000, 0x00000000a9300000, 0x00000000a9400000|  0%| F|  |TAMS 0x00000000a9300000, 0x00000000a9300000| Untracked 
| 136|0x00000000a9400000, 0x00000000a9400000, 0x00000000a9500000|  0%| F|  |TAMS 0x00000000a9400000, 0x00000000a9400000| Untracked 
| 137|0x00000000a9500000, 0x00000000a9500000, 0x00000000a9600000|  0%| F|  |TAMS 0x00000000a9500000, 0x00000000a9500000| Untracked 
| 138|0x00000000a9600000, 0x00000000a9600000, 0x00000000a9700000|  0%| F|  |TAMS 0x00000000a9600000, 0x00000000a9600000| Untracked 
| 139|0x00000000a9700000, 0x00000000a9700000, 0x00000000a9800000|  0%| F|  |TAMS 0x00000000a9700000, 0x00000000a9700000| Untracked 
| 140|0x00000000a9800000, 0x00000000a9900000, 0x00000000a9900000|100%| S|CS|TAMS 0x00000000a9800000, 0x00000000a9800000| Complete 
| 141|0x00000000a9900000, 0x00000000a9a00000, 0x00000000a9a00000|100%| S|CS|TAMS 0x00000000a9900000, 0x00000000a9900000| Complete 
| 142|0x00000000a9a00000, 0x00000000a9a00000, 0x00000000a9b00000|  0%| F|  |TAMS 0x00000000a9a00000, 0x00000000a9a00000| Untracked 
| 143|0x00000000a9b00000, 0x00000000a9b00000, 0x00000000a9c00000|  0%| F|  |TAMS 0x00000000a9b00000, 0x00000000a9b00000| Untracked 
| 144|0x00000000a9c00000, 0x00000000a9c00000, 0x00000000a9d00000|  0%| F|  |TAMS 0x00000000a9c00000, 0x00000000a9c00000| Untracked 
| 145|0x00000000a9d00000, 0x00000000a9d00000, 0x00000000a9e00000|  0%| F|  |TAMS 0x00000000a9d00000, 0x00000000a9d00000| Untracked 
| 146|0x00000000a9e00000, 0x00000000a9e00000, 0x00000000a9f00000|  0%| F|  |TAMS 0x00000000a9e00000, 0x00000000a9e00000| Untracked 
| 147|0x00000000a9f00000, 0x00000000a9f00000, 0x00000000aa000000|  0%| F|  |TAMS 0x00000000a9f00000, 0x00000000a9f00000| Untracked 
| 148|0x00000000aa000000, 0x00000000aa000000, 0x00000000aa100000|  0%| F|  |TAMS 0x00000000aa000000, 0x00000000aa000000| Untracked 
| 149|0x00000000aa100000, 0x00000000aa100000, 0x00000000aa200000|  0%| F|  |TAMS 0x00000000aa100000, 0x00000000aa100000| Untracked 
| 150|0x00000000aa200000, 0x00000000aa200000, 0x00000000aa300000|  0%| F|  |TAMS 0x00000000aa200000, 0x00000000aa200000| Untracked 
| 151|0x00000000aa300000, 0x00000000aa300000, 0x00000000aa400000|  0%| F|  |TAMS 0x00000000aa300000, 0x00000000aa300000| Untracked 
| 152|0x00000000aa400000, 0x00000000aa400000, 0x00000000aa500000|  0%| F|  |TAMS 0x00000000aa400000, 0x00000000aa400000| Untracked 
| 153|0x00000000aa500000, 0x00000000aa500000, 0x00000000aa600000|  0%| F|  |TAMS 0x00000000aa500000, 0x00000000aa500000| Untracked 
| 154|0x00000000aa600000, 0x00000000aa600000, 0x00000000aa700000|  0%| F|  |TAMS 0x00000000aa600000, 0x00000000aa600000| Untracked 
| 155|0x00000000aa700000, 0x00000000aa700000, 0x00000000aa800000|  0%| F|  |TAMS 0x00000000aa700000, 0x00000000aa700000| Untracked 
| 156|0x00000000aa800000, 0x00000000aa800000, 0x00000000aa900000|  0%| F|  |TAMS 0x00000000aa800000, 0x00000000aa800000| Untracked 
| 157|0x00000000aa900000, 0x00000000aa900000, 0x00000000aaa00000|  0%| F|  |TAMS 0x00000000aa900000, 0x00000000aa900000| Untracked 
| 158|0x00000000aaa00000, 0x00000000aaa00000, 0x00000000aab00000|  0%| F|  |TAMS 0x00000000aaa00000, 0x00000000aaa00000| Untracked 
| 159|0x00000000aab00000, 0x00000000aab00000, 0x00000000aac00000|  0%| F|  |TAMS 0x00000000aab00000, 0x00000000aab00000| Untracked 
| 160|0x00000000aac00000, 0x00000000aac00000, 0x00000000aad00000|  0%| F|  |TAMS 0x00000000aac00000, 0x00000000aac00000| Untracked 
| 161|0x00000000aad00000, 0x00000000aad00000, 0x00000000aae00000|  0%| F|  |TAMS 0x00000000aad00000, 0x00000000aad00000| Untracked 
| 162|0x00000000aae00000, 0x00000000aae00000, 0x00000000aaf00000|  0%| F|  |TAMS 0x00000000aae00000, 0x00000000aae00000| Untracked 
| 163|0x00000000aaf00000, 0x00000000aaf00000, 0x00000000ab000000|  0%| F|  |TAMS 0x00000000aaf00000, 0x00000000aaf00000| Untracked 
| 164|0x00000000ab000000, 0x00000000ab000000, 0x00000000ab100000|  0%| F|  |TAMS 0x00000000ab000000, 0x00000000ab000000| Untracked 
| 165|0x00000000ab100000, 0x00000000ab100000, 0x00000000ab200000|  0%| F|  |TAMS 0x00000000ab100000, 0x00000000ab100000| Untracked 
| 166|0x00000000ab200000, 0x00000000ab200000, 0x00000000ab300000|  0%| F|  |TAMS 0x00000000ab200000, 0x00000000ab200000| Untracked 
| 167|0x00000000ab300000, 0x00000000ab300000, 0x00000000ab400000|  0%| F|  |TAMS 0x00000000ab300000, 0x00000000ab300000| Untracked 
| 168|0x00000000ab400000, 0x00000000ab400000, 0x00000000ab500000|  0%| F|  |TAMS 0x00000000ab400000, 0x00000000ab400000| Untracked 
| 169|0x00000000ab500000, 0x00000000ab500000, 0x00000000ab600000|  0%| F|  |TAMS 0x00000000ab500000, 0x00000000ab500000| Untracked 
| 170|0x00000000ab600000, 0x00000000ab600000, 0x00000000ab700000|  0%| F|  |TAMS 0x00000000ab600000, 0x00000000ab600000| Untracked 
| 171|0x00000000ab700000, 0x00000000ab700000, 0x00000000ab800000|  0%| F|  |TAMS 0x00000000ab700000, 0x00000000ab700000| Untracked 
| 172|0x00000000ab800000, 0x00000000ab800000, 0x00000000ab900000|  0%| F|  |TAMS 0x00000000ab800000, 0x00000000ab800000| Untracked 
| 173|0x00000000ab900000, 0x00000000ab900000, 0x00000000aba00000|  0%| F|  |TAMS 0x00000000ab900000, 0x00000000ab900000| Untracked 
| 174|0x00000000aba00000, 0x00000000aba00000, 0x00000000abb00000|  0%| F|  |TAMS 0x00000000aba00000, 0x00000000aba00000| Untracked 
| 175|0x00000000abb00000, 0x00000000abb00000, 0x00000000abc00000|  0%| F|  |TAMS 0x00000000abb00000, 0x00000000abb00000| Untracked 
| 176|0x00000000abc00000, 0x00000000abc00000, 0x00000000abd00000|  0%| F|  |TAMS 0x00000000abc00000, 0x00000000abc00000| Untracked 
| 177|0x00000000abd00000, 0x00000000abd00000, 0x00000000abe00000|  0%| F|  |TAMS 0x00000000abd00000, 0x00000000abd00000| Untracked 
| 178|0x00000000abe00000, 0x00000000abe00000, 0x00000000abf00000|  0%| F|  |TAMS 0x00000000abe00000, 0x00000000abe00000| Untracked 
| 179|0x00000000abf00000, 0x00000000abf00000, 0x00000000ac000000|  0%| F|  |TAMS 0x00000000abf00000, 0x00000000abf00000| Untracked 
| 180|0x00000000ac000000, 0x00000000ac000000, 0x00000000ac100000|  0%| F|  |TAMS 0x00000000ac000000, 0x00000000ac000000| Untracked 
| 181|0x00000000ac100000, 0x00000000ac100000, 0x00000000ac200000|  0%| F|  |TAMS 0x00000000ac100000, 0x00000000ac100000| Untracked 
| 182|0x00000000ac200000, 0x00000000ac200000, 0x00000000ac300000|  0%| F|  |TAMS 0x00000000ac200000, 0x00000000ac200000| Untracked 
| 183|0x00000000ac300000, 0x00000000ac300000, 0x00000000ac400000|  0%| F|  |TAMS 0x00000000ac300000, 0x00000000ac300000| Untracked 

Card table byte_map: [0x000001a0d8560000,0x000001a0d8860000] _byte_map_base: 0x000001a0d805a000

Marking Bits (Prev, Next): (CMBitMap*) 0x000001a0c5aaa260, (CMBitMap*) 0x000001a0c5aaa220
 Prev Bits: [0x000001a0da330000, 0x000001a0dbb00000)
 Next Bits: [0x000001a0d8b60000, 0x000001a0da330000)

Polling page: 0x000001a0c3a70000

Metaspace:

Usage:
  Non-class:     74.45 MB used.
      Class:      9.19 MB used.
       Both:     83.64 MB used.

Virtual space:
  Non-class space:       80.00 MB reserved,      74.56 MB ( 93%) committed,  10 nodes.
      Class space:        1.00 GB reserved,       9.38 MB ( <1%) committed,  1 nodes.
             Both:        1.08 GB reserved,      83.94 MB (  8%) committed. 

Chunk freelists:
   Non-Class:  1.12 MB
       Class:  2.67 MB
        Both:  3.80 MB

MaxMetaspaceSize: unlimited
CompressedClassSpaceSize: 1.00 GB
Initial GC threshold: 21.00 MB
Current GC threshold: 98.75 MB
CDS: off
MetaspaceReclaimPolicy: balanced
 - commit_granule_bytes: 65536.
 - commit_granule_words: 8192.
 - virtual_space_node_default_size: 1048576.
 - enlarge_chunks_in_place: 1.
 - new_chunks_are_fully_committed: 0.
 - uncommit_free_chunks: 1.
 - use_allocation_guard: 0.
 - handle_deallocations: 1.


Internal statistics:

num_allocs_failed_limit: 9.
num_arena_births: 362.
num_arena_deaths: 0.
num_vsnodes_births: 11.
num_vsnodes_deaths: 0.
num_space_committed: 1341.
num_space_uncommitted: 0.
num_chunks_returned_to_freelist: 9.
num_chunks_taken_from_freelist: 3157.
num_chunk_merges: 9.
num_chunk_splits: 2587.
num_chunks_enlarged: 2287.
num_purges: 0.
num_inconsistent_stats: 0.

CodeHeap 'non-profiled nmethods': size=120000Kb used=8265Kb max_used=8265Kb free=111734Kb
 bounds [0x000001a0d0a00000, 0x000001a0d1220000, 0x000001a0d7f30000]
CodeHeap 'profiled nmethods': size=120000Kb used=38886Kb max_used=38886Kb free=81113Kb
 bounds [0x000001a0c8f30000, 0x000001a0cb530000, 0x000001a0d0460000]
CodeHeap 'non-nmethods': size=5760Kb used=1420Kb max_used=1458Kb free=4339Kb
 bounds [0x000001a0d0460000, 0x000001a0d06d0000, 0x000001a0d0a00000]
 total_blobs=14241 nmethods=13518 adapters=629
 compilation: enabled
              stopped_count=0, restarted_count=0
 full_count=0

Compilation events (20 events):
Event: 24.307 Thread 0x000001a0df017ea0 nmethod 17271 0x000001a0cb51de10 code [0x000001a0cb51e0c0, 0x000001a0cb51ef38]
Event: 24.307 Thread 0x000001a0df017ea0 17270       3       org.jetbrains.kotlin.backend.jvm.lower.JvmOptimizationLowering$Transformer::visitCall (264 bytes)
Event: 24.310 Thread 0x000001a0df017ea0 nmethod 17270 0x000001a0cb51f510 code [0x000001a0cb51fa20, 0x000001a0cb5220e8]
Event: 24.310 Thread 0x000001a0df017ea0 17277       3       org.jetbrains.kotlin.backend.jvm.lower.RecordEnclosingMethodsLowering$lower$1::visitFunctionAccess (263 bytes)
Event: 24.315 Thread 0x000001a0df017ea0 nmethod 17277 0x000001a0cb522d90 code [0x000001a0cb523540, 0x000001a0cb527cf8]
Event: 24.315 Thread 0x000001a0df017ea0 17285       3       org.jetbrains.kotlin.backend.common.lower.ProvisionalFunctionExpressionLowering::visitGetValue (10 bytes)
Event: 24.316 Thread 0x000001a0df017ea0 nmethod 17285 0x000001a0cb529210 code [0x000001a0cb529480, 0x000001a0cb529ed8]
Event: 24.316 Thread 0x000001a0df017ea0 17272       3       org.jetbrains.kotlin.backend.jvm.lower.JvmOptimizationLowering$Transformer$$Lambda$464/0x0000000100925ac0::test (9 bytes)
Event: 24.316 Thread 0x000001a0df017ea0 nmethod 17272 0x000001a0cb52a290 code [0x000001a0cb52a4c0, 0x000001a0cb52aca8]
Event: 24.316 Thread 0x000001a0df017ea0 17273       3       org.jetbrains.kotlin.backend.jvm.lower.JvmOptimizationLowering$Transformer::removeUnnecessaryTemporaryVariables$lambda$9 (21 bytes)
Event: 24.316 Thread 0x000001a0df017ea0 nmethod 17273 0x000001a0cb52af90 code [0x000001a0cb52b1c0, 0x000001a0cb52b908]
Event: 24.316 Thread 0x000001a0df017ea0 17274       3       org.jetbrains.kotlin.backend.jvm.lower.JvmOptimizationLowering$Transformer$removeUnnecessaryTemporaryVariables$1::invoke (9 bytes)
Event: 24.317 Thread 0x000001a0df017ea0 nmethod 17274 0x000001a0cb52bb90 code [0x000001a0cb52bde0, 0x000001a0cb52c6c8]
Event: 24.317 Thread 0x000001a0df017ea0 17275       3       org.jetbrains.kotlin.backend.jvm.lower.JvmOptimizationLowering$Transformer$removeUnnecessaryTemporaryVariables$1::invoke (26 bytes)
Event: 24.317 Thread 0x000001a0df017ea0 nmethod 17275 0x000001a0cb52ca10 code [0x000001a0cb52cc40, 0x000001a0cb52d3c8]
Event: 24.318 Thread 0x000001a0df017ea0 17276       3       org.jetbrains.kotlin.backend.jvm.lower.JvmOptimizationLowering$Transformer::access$getInlineableValueForTemporaryVal (6 bytes)
Event: 24.318 Thread 0x000001a0df017ea0 nmethod 17276 0x000001a0cb52d690 code [0x000001a0cb52d820, 0x000001a0cb52d948]
Event: 24.318 Thread 0x000001a0df017ea0 17268       3       org.jetbrains.kotlin.backend.jvm.lower.JvmOptimizationLowering::access$getOperandsIfCallToEQEQOrEquals (6 bytes)
Event: 24.318 Thread 0x000001a0df017ea0 nmethod 17268 0x000001a0cb52da10 code [0x000001a0cb52dba0, 0x000001a0cb52dcc8]
Event: 24.318 Thread 0x000001a0df017ea0 17269       3       org.jetbrains.kotlin.backend.jvm.lower.JvmOptimizationLowering::getOperandsIfCallToEQEQOrEquals (94 bytes)

GC Heap History (20 events):
Event: 9.961 GC heap after
{Heap after GC invocations=21 (full 0):
 garbage-first heap   total 188416K, used 60759K [0x00000000a0c00000, 0x0000000100000000)
  region size 1024K, 7 young (7168K), 7 survivors (7168K)
 Metaspace       used 60231K, committed 60480K, reserved 1105920K
  class space    used 6975K, committed 7104K, reserved 1048576K
}
Event: 13.047 GC heap before
{Heap before GC invocations=22 (full 0):
 garbage-first heap   total 188416K, used 146775K [0x00000000a0c00000, 0x0000000100000000)
  region size 1024K, 90 young (92160K), 7 survivors (7168K)
 Metaspace       used 66298K, committed 66560K, reserved 1114112K
  class space    used 7669K, committed 7808K, reserved 1048576K
}
Event: 13.069 GC heap after
{Heap after GC invocations=23 (full 0):
 garbage-first heap   total 188416K, used 70169K [0x00000000a0c00000, 0x0000000100000000)
  region size 1024K, 12 young (12288K), 12 survivors (12288K)
 Metaspace       used 66298K, committed 66560K, reserved 1114112K
  class space    used 7669K, committed 7808K, reserved 1048576K
}
Event: 13.117 GC heap before
{Heap before GC invocations=23 (full 0):
 garbage-first heap   total 188416K, used 71193K [0x00000000a0c00000, 0x0000000100000000)
  region size 1024K, 13 young (13312K), 12 survivors (12288K)
 Metaspace       used 66305K, committed 66560K, reserved 1114112K
  class space    used 7669K, committed 7808K, reserved 1048576K
}
Event: 13.132 GC heap after
{Heap after GC invocations=24 (full 0):
 garbage-first heap   total 188416K, used 71949K [0x00000000a0c00000, 0x0000000100000000)
  region size 1024K, 2 young (2048K), 2 survivors (2048K)
 Metaspace       used 66305K, committed 66560K, reserved 1114112K
  class space    used 7669K, committed 7808K, reserved 1048576K
}
Event: 16.048 GC heap before
{Heap before GC invocations=24 (full 0):
 garbage-first heap   total 188416K, used 144653K [0x00000000a0c00000, 0x0000000100000000)
  region size 1024K, 71 young (72704K), 2 survivors (2048K)
 Metaspace       used 67402K, committed 67776K, reserved 1114112K
  class space    used 7708K, committed 7872K, reserved 1048576K
}
Event: 16.061 GC heap after
{Heap after GC invocations=25 (full 0):
 garbage-first heap   total 188416K, used 79513K [0x00000000a0c00000, 0x0000000100000000)
  region size 1024K, 8 young (8192K), 8 survivors (8192K)
 Metaspace       used 67402K, committed 67776K, reserved 1114112K
  class space    used 7708K, committed 7872K, reserved 1048576K
}
Event: 18.751 GC heap before
{Heap before GC invocations=25 (full 0):
 garbage-first heap   total 188416K, used 146073K [0x00000000a0c00000, 0x0000000100000000)
  region size 1024K, 73 young (74752K), 8 survivors (8192K)
 Metaspace       used 67823K, committed 68160K, reserved 1114112K
  class space    used 7710K, committed 7872K, reserved 1048576K
}
Event: 18.769 GC heap after
{Heap after GC invocations=26 (full 0):
 garbage-first heap   total 188416K, used 84899K [0x00000000a0c00000, 0x0000000100000000)
  region size 1024K, 6 young (6144K), 6 survivors (6144K)
 Metaspace       used 67823K, committed 68160K, reserved 1114112K
  class space    used 7710K, committed 7872K, reserved 1048576K
}
Event: 20.426 GC heap before
{Heap before GC invocations=26 (full 0):
 garbage-first heap   total 188416K, used 149411K [0x00000000a0c00000, 0x0000000100000000)
  region size 1024K, 69 young (70656K), 6 survivors (6144K)
 Metaspace       used 73253K, committed 73536K, reserved 1114112K
  class space    used 8239K, committed 8384K, reserved 1048576K
}
Event: 20.437 GC heap after
{Heap after GC invocations=27 (full 0):
 garbage-first heap   total 188416K, used 88448K [0x00000000a0c00000, 0x0000000100000000)
  region size 1024K, 4 young (4096K), 4 survivors (4096K)
 Metaspace       used 73253K, committed 73536K, reserved 1114112K
  class space    used 8239K, committed 8384K, reserved 1048576K
}
Event: 21.634 GC heap before
{Heap before GC invocations=27 (full 0):
 garbage-first heap   total 188416K, used 152960K [0x00000000a0c00000, 0x0000000100000000)
  region size 1024K, 67 young (68608K), 4 survivors (4096K)
 Metaspace       used 75093K, committed 75456K, reserved 1122304K
  class space    used 8384K, committed 8576K, reserved 1048576K
}
Event: 21.655 GC heap after
{Heap after GC invocations=28 (full 0):
 garbage-first heap   total 188416K, used 98264K [0x00000000a0c00000, 0x0000000100000000)
  region size 1024K, 9 young (9216K), 9 survivors (9216K)
 Metaspace       used 75093K, committed 75456K, reserved 1122304K
  class space    used 8384K, committed 8576K, reserved 1048576K
}
Event: 22.565 GC heap before
{Heap before GC invocations=28 (full 0):
 garbage-first heap   total 188416K, used 151512K [0x00000000a0c00000, 0x0000000100000000)
  region size 1024K, 61 young (62464K), 9 survivors (9216K)
 Metaspace       used 78455K, committed 78784K, reserved 1122304K
  class space    used 8735K, committed 8896K, reserved 1048576K
}
Event: 22.584 GC heap after
{Heap after GC invocations=29 (full 0):
 garbage-first heap   total 188416K, used 106699K [0x00000000a0c00000, 0x0000000100000000)
  region size 1024K, 8 young (8192K), 8 survivors (8192K)
 Metaspace       used 78455K, committed 78784K, reserved 1122304K
  class space    used 8735K, committed 8896K, reserved 1048576K
}
Event: 23.397 GC heap before
{Heap before GC invocations=29 (full 0):
 garbage-first heap   total 188416K, used 151755K [0x00000000a0c00000, 0x0000000100000000)
  region size 1024K, 52 young (53248K), 8 survivors (8192K)
 Metaspace       used 84011K, committed 84288K, reserved 1130496K
  class space    used 9324K, committed 9472K, reserved 1048576K
}
Event: 23.414 GC heap after
{Heap after GC invocations=30 (full 0):
 garbage-first heap   total 188416K, used 112781K [0x00000000a0c00000, 0x0000000100000000)
  region size 1024K, 6 young (6144K), 6 survivors (6144K)
 Metaspace       used 84011K, committed 84288K, reserved 1130496K
  class space    used 9324K, committed 9472K, reserved 1048576K
}
Event: 23.956 GC heap before
{Heap before GC invocations=30 (full 0):
 garbage-first heap   total 188416K, used 152717K [0x00000000a0c00000, 0x0000000100000000)
  region size 1024K, 45 young (46080K), 6 survivors (6144K)
 Metaspace       used 85251K, committed 85504K, reserved 1130496K
  class space    used 9401K, committed 9536K, reserved 1048576K
}
Event: 23.967 GC heap after
{Heap after GC invocations=31 (full 0):
 garbage-first heap   total 188416K, used 113984K [0x00000000a0c00000, 0x0000000100000000)
  region size 1024K, 2 young (2048K), 2 survivors (2048K)
 Metaspace       used 85251K, committed 85504K, reserved 1130496K
  class space    used 9401K, committed 9536K, reserved 1048576K
}
Event: 24.318 GC heap before
{Heap before GC invocations=31 (full 0):
 garbage-first heap   total 188416K, used 154944K [0x00000000a0c00000, 0x0000000100000000)
  region size 1024K, 42 young (43008K), 2 survivors (2048K)
 Metaspace       used 85651K, committed 85952K, reserved 1130496K
  class space    used 9410K, committed 9600K, reserved 1048576K
}

Dll operation events (2 events):
Event: 0.014 Loaded shared library C:\Program Files\Android\Android Studio\jbr\bin\java.dll
Event: 2.010 Loaded shared library C:\Program Files\Android\Android Studio\jbr\bin\verify.dll

Deoptimization events (20 events):
Event: 23.951 Thread 0x000001a0c5a607d0 Uncommon trap: trap_request=0xffffff45 fr.pc=0x000001a0d11ddcc0 relative=0x0000000000002c40
Event: 23.951 Thread 0x000001a0c5a607d0 Uncommon trap: reason=unstable_if action=reinterpret pc=0x000001a0d11ddcc0 method=java.util.HashMap.keySet()Ljava/util/Set; @ 6 c2
Event: 23.951 Thread 0x000001a0c5a607d0 DEOPT PACKING pc=0x000001a0d11ddcc0 sp=0x00000056c28fd4b0
Event: 23.951 Thread 0x000001a0c5a607d0 DEOPT UNPACKING pc=0x000001a0d04b69a3 sp=0x00000056c28fd3b0 mode 2
Event: 23.970 Thread 0x000001a0c5a607d0 Uncommon trap: trap_request=0xffffffde fr.pc=0x000001a0d11d5a3c relative=0x0000000000000ffc
Event: 23.970 Thread 0x000001a0c5a607d0 Uncommon trap: reason=class_check action=maybe_recompile pc=0x000001a0d11d5a3c method=org.jetbrains.kotlin.ir.util.IrUtilsKt.allOverridden(Lorg/jetbrains/kotlin/ir/declarations/IrOverridableDeclaration;Z)Ljava/util/List; @ 97 c2
Event: 23.970 Thread 0x000001a0c5a607d0 DEOPT PACKING pc=0x000001a0d11d5a3c sp=0x00000056c28fb8e0
Event: 23.970 Thread 0x000001a0c5a607d0 DEOPT UNPACKING pc=0x000001a0d04b69a3 sp=0x00000056c28fb8b0 mode 2
Event: 23.971 Thread 0x000001a0c5a607d0 Uncommon trap: trap_request=0xffffffde fr.pc=0x000001a0d11d5a3c relative=0x0000000000000ffc
Event: 23.971 Thread 0x000001a0c5a607d0 Uncommon trap: reason=class_check action=maybe_recompile pc=0x000001a0d11d5a3c method=org.jetbrains.kotlin.ir.util.IrUtilsKt.allOverridden(Lorg/jetbrains/kotlin/ir/declarations/IrOverridableDeclaration;Z)Ljava/util/List; @ 97 c2
Event: 23.971 Thread 0x000001a0c5a607d0 DEOPT PACKING pc=0x000001a0d11d5a3c sp=0x00000056c28fb8e0
Event: 23.971 Thread 0x000001a0c5a607d0 DEOPT UNPACKING pc=0x000001a0d04b69a3 sp=0x00000056c28fb8b0 mode 2
Event: 23.971 Thread 0x000001a0c5a607d0 Uncommon trap: trap_request=0xffffffde fr.pc=0x000001a0d11d5a3c relative=0x0000000000000ffc
Event: 23.971 Thread 0x000001a0c5a607d0 Uncommon trap: reason=class_check action=maybe_recompile pc=0x000001a0d11d5a3c method=org.jetbrains.kotlin.ir.util.IrUtilsKt.allOverridden(Lorg/jetbrains/kotlin/ir/declarations/IrOverridableDeclaration;Z)Ljava/util/List; @ 97 c2
Event: 23.971 Thread 0x000001a0c5a607d0 DEOPT PACKING pc=0x000001a0d11d5a3c sp=0x00000056c28fb8e0
Event: 23.971 Thread 0x000001a0c5a607d0 DEOPT UNPACKING pc=0x000001a0d04b69a3 sp=0x00000056c28fb8b0 mode 2
Event: 23.976 Thread 0x000001a0c5a607d0 Uncommon trap: trap_request=0xffffffde fr.pc=0x000001a0d11d5a3c relative=0x0000000000000ffc
Event: 23.976 Thread 0x000001a0c5a607d0 Uncommon trap: reason=class_check action=maybe_recompile pc=0x000001a0d11d5a3c method=org.jetbrains.kotlin.ir.util.IrUtilsKt.allOverridden(Lorg/jetbrains/kotlin/ir/declarations/IrOverridableDeclaration;Z)Ljava/util/List; @ 97 c2
Event: 23.976 Thread 0x000001a0c5a607d0 DEOPT PACKING pc=0x000001a0d11d5a3c sp=0x00000056c28fa1b0
Event: 23.976 Thread 0x000001a0c5a607d0 DEOPT UNPACKING pc=0x000001a0d04b69a3 sp=0x00000056c28fa180 mode 2

Classes unloaded (0 events):
No events

Classes redefined (0 events):
No events

Internal exceptions (20 events):
Event: 8.995 Thread 0x000001a0c5a607d0 Exception <a 'java/lang/NoSuchMethodError'{0x00000000a7a55408}: 'java.lang.Object java.lang.invoke.DirectMethodHandle$Holder.newInvokeSpecial(java.lang.Object, java.lang.Object, java.lang.Object, java.lang.Object, java.lang.Object, java.lang.Object, java.lang.Object)'> (0x00000000a7a55408) 
thrown [s\src\hotspot\share\interpreter\linkResolver.cpp, line 771]
Event: 8.995 Thread 0x000001a0c5a607d0 Exception <a 'java/lang/NoSuchMethodError'{0x00000000a7a5a510}: 'java.lang.Object java.lang.invoke.Invokers$Holder.linkToTargetMethod(java.lang.Object, java.lang.Object, java.lang.Object, java.lang.Object, java.lang.Object, java.lang.Object, java.lang.Object)'> (0x00000000a7a5a510) 
thrown [s\src\hotspot\share\interpreter\linkResolver.cpp, line 771]
Event: 9.415 Thread 0x000001a0c5a607d0 Exception <a 'java/lang/NoSuchMethodError'{0x00000000a7373c48}: 'java.lang.Object java.lang.invoke.DirectMethodHandle$Holder.invokeInterface(java.lang.Object, java.lang.Object, java.lang.Object)'> (0x00000000a7373c48) 
thrown [s\src\hotspot\share\interpreter\linkResolver.cpp, line 771]
Event: 9.416 Thread 0x000001a0c5a607d0 Exception <a 'java/lang/IncompatibleClassChangeError'{0x00000000a7377860}: Found class java.lang.Object, but interface was expected> (0x00000000a7377860) 
thrown [s\src\hotspot\share\interpreter\linkResolver.cpp, line 838]
Event: 10.250 Thread 0x000001a0c5a607d0 Exception <a 'java/lang/NoSuchMethodError'{0x00000000abd1b4f8}: 'java.lang.Object java.lang.invoke.DirectMethodHandle$Holder.invokeStatic(java.lang.Object, int, java.lang.Object)'> (0x00000000abd1b4f8) 
thrown [s\src\hotspot\share\interpreter\linkResolver.cpp, line 771]
Event: 10.259 Thread 0x000001a0c5a607d0 Exception <a 'java/lang/NoSuchMethodError'{0x00000000abd43878}: 'java.lang.Object java.lang.invoke.DirectMethodHandle$Holder.newInvokeSpecial(java.lang.Object, int, java.lang.Object, java.lang.Object)'> (0x00000000abd43878) 
thrown [s\src\hotspot\share\interpreter\linkResolver.cpp, line 771]
Event: 11.910 Thread 0x000001a0c5a607d0 Exception <a 'java/lang/NoSuchMethodError'{0x00000000a8da80d8}: 'java.lang.Object java.lang.invoke.DirectMethodHandle$Holder.invokeStatic(java.lang.Object, java.lang.Object, java.lang.Object, java.lang.Object, int)'> (0x00000000a8da80d8) 
thrown [s\src\hotspot\share\interpreter\linkResolver.cpp, line 771]
Event: 11.911 Thread 0x000001a0c5a607d0 Exception <a 'java/lang/NoSuchMethodError'{0x00000000a8db1dc0}: 'java.lang.Object java.lang.invoke.DirectMethodHandle$Holder.newInvokeSpecial(java.lang.Object, java.lang.Object, java.lang.Object, java.lang.Object, int)'> (0x00000000a8db1dc0) 
thrown [s\src\hotspot\share\interpreter\linkResolver.cpp, line 771]
Event: 11.912 Thread 0x000001a0c5a607d0 Exception <a 'java/lang/NoSuchMethodError'{0x00000000a8db9e90}: 'java.lang.Object java.lang.invoke.Invokers$Holder.linkToTargetMethod(java.lang.Object, java.lang.Object, java.lang.Object, int, java.lang.Object)'> (0x00000000a8db9e90) 
thrown [s\src\hotspot\share\interpreter\linkResolver.cpp, line 771]
Event: 11.984 Thread 0x000001a0c5a607d0 Exception <a 'java/lang/NoSuchMethodError'{0x00000000a8b65cd8}: 'void java.lang.invoke.DirectMethodHandle$Holder.invokeInterface(java.lang.Object, java.lang.Object)'> (0x00000000a8b65cd8) 
thrown [s\src\hotspot\share\interpreter\linkResolver.cpp, line 771]
Event: 12.092 Thread 0x000001a0c5a607d0 Exception <a 'java/lang/IncompatibleClassChangeError'{0x00000000a896ba80}: Found class java.lang.Object, but interface was expected> (0x00000000a896ba80) 
thrown [s\src\hotspot\share\interpreter\linkResolver.cpp, line 838]
Event: 12.264 Thread 0x000001a0c5a607d0 Implicit null exception at 0x000001a0d0e3a120 to 0x000001a0d0e3b710
Event: 12.784 Thread 0x000001a0c5a607d0 Implicit null exception at 0x000001a0d0de01a5 to 0x000001a0d0de090c
Event: 13.603 Thread 0x000001a0c5a607d0 Implicit null exception at 0x000001a0d0dfa62c to 0x000001a0d0dfa6e8
Event: 19.180 Thread 0x000001a0c5a607d0 Implicit null exception at 0x000001a0d0abdf0c to 0x000001a0d0abe154
Event: 19.923 Thread 0x000001a0c5a607d0 Exception <a 'java/lang/NoSuchMethodError'{0x00000000a9adee58}: 'java.lang.Object java.lang.invoke.DirectMethodHandle$Holder.invokeStaticInit(java.lang.Object, java.lang.Object, java.lang.Object, java.lang.Object)'> (0x00000000a9adee58) 
thrown [s\src\hotspot\share\interpreter\linkResolver.cpp, line 771]
Event: 20.492 Thread 0x000001a0c5a607d0 Exception <a 'java/lang/NoSuchMethodError'{0x00000000ac10bf98}: 'java.lang.Object java.lang.invoke.DirectMethodHandle$Holder.newInvokeSpecial(java.lang.Object, java.lang.Object, java.lang.Object, int, int)'> (0x00000000ac10bf98) 
thrown [s\src\hotspot\share\interpreter\linkResolver.cpp, line 771]
Event: 20.492 Thread 0x000001a0c5a607d0 Exception <a 'java/lang/NoSuchMethodError'{0x00000000ac10fdd8}: 'java.lang.Object java.lang.invoke.DirectMethodHandle$Holder.invokeSpecial(java.lang.Object, java.lang.Object, java.lang.Object, java.lang.Object, int, int)'> (0x00000000ac10fdd8) 
thrown [s\src\hotspot\share\interpreter\linkResolver.cpp, line 771]
Event: 20.508 Thread 0x000001a0c5a607d0 Exception <a 'java/lang/NoSuchMethodError'{0x00000000ac181120}: 'java.lang.Object java.lang.invoke.Invokers$Holder.linkToTargetMethod(java.lang.Object, java.lang.Object, int, int, java.lang.Object, java.lang.Object, java.lang.Object, java.lang.Object, java.lang.Object)'> (0x00000000ac181120) 
thrown [s\src\hotspot\share\interpreter\linkResolver.cpp, line 771]
Event: 20.957 Thread 0x000001a0c5a607d0 Implicit null exception at 0x000001a0d0a6c410 to 0x000001a0d0a6c6bc

VM Operations (20 events):
Event: 23.523 Executing VM operation: HandshakeAllThreads done
Event: 23.525 Executing VM operation: HandshakeAllThreads
Event: 23.525 Executing VM operation: HandshakeAllThreads done
Event: 23.527 Executing VM operation: ICBufferFull
Event: 23.528 Executing VM operation: ICBufferFull done
Event: 23.589 Executing VM operation: ICBufferFull
Event: 23.589 Executing VM operation: ICBufferFull done
Event: 23.728 Executing VM operation: ICBufferFull
Event: 23.728 Executing VM operation: ICBufferFull done
Event: 23.764 Executing VM operation: HandshakeAllThreads
Event: 23.764 Executing VM operation: HandshakeAllThreads done
Event: 23.863 Executing VM operation: HandshakeAllThreads
Event: 23.863 Executing VM operation: HandshakeAllThreads done
Event: 23.873 Executing VM operation: ICBufferFull
Event: 23.873 Executing VM operation: ICBufferFull done
Event: 23.956 Executing VM operation: G1CollectForAllocation
Event: 23.967 Executing VM operation: G1CollectForAllocation done
Event: 24.128 Executing VM operation: ICBufferFull
Event: 24.128 Executing VM operation: ICBufferFull done
Event: 24.318 Executing VM operation: G1CollectForAllocation

Events (20 events):
Event: 22.419 Thread 0x000001a0df01f770 flushing nmethod 0x000001a0caf0ae10
Event: 22.420 Thread 0x000001a0df01f770 flushing nmethod 0x000001a0caf1aa10
Event: 22.420 Thread 0x000001a0df01f770 flushing nmethod 0x000001a0caf54190
Event: 22.420 Thread 0x000001a0df01f770 flushing nmethod 0x000001a0caf57110
Event: 23.769 Thread 0x000001a0df01f770 flushing nmethod 0x000001a0d1137a10
Event: 23.769 Thread 0x000001a0df01f770 flushing nmethod 0x000001a0d1149690
Event: 23.769 Thread 0x000001a0df01f770 flushing nmethod 0x000001a0d1175910
Event: 23.769 Thread 0x000001a0df01f770 flushing nmethod 0x000001a0d1176290
Event: 23.774 Thread 0x000001a0df01f770 flushing nmethod 0x000001a0c934a010
Event: 23.793 Thread 0x000001a0df01f770 flushing nmethod 0x000001a0ca67a510
Event: 23.794 Thread 0x000001a0df01f770 flushing nmethod 0x000001a0ca738010
Event: 23.794 Thread 0x000001a0df01f770 flushing nmethod 0x000001a0ca804990
Event: 23.794 Thread 0x000001a0df01f770 flushing nmethod 0x000001a0ca805c90
Event: 23.796 Thread 0x000001a0df01f770 flushing nmethod 0x000001a0ca9afb90
Event: 23.800 Thread 0x000001a0df01f770 flushing nmethod 0x000001a0cad5b010
Event: 23.802 Thread 0x000001a0df01f770 flushing nmethod 0x000001a0cae9d990
Event: 23.802 Thread 0x000001a0df01f770 flushing nmethod 0x000001a0cae9e090
Event: 23.803 Thread 0x000001a0df01f770 flushing nmethod 0x000001a0caf20e90
Event: 23.803 Thread 0x000001a0df01f770 flushing nmethod 0x000001a0caf49310
Event: 23.803 Thread 0x000001a0df01f770 flushing nmethod 0x000001a0caf4a010


Dynamic libraries:
0x00007ff759f80000 - 0x00007ff759f8a000 	C:\Program Files\Android\Android Studio\jbr\bin\java.exe
0x00007ffa13400000 - 0x00007ffa13609000 	C:\WINDOWS\SYSTEM32\ntdll.dll
0x00007ffa124e0000 - 0x00007ffa1259d000 	C:\WINDOWS\System32\KERNEL32.DLL
0x00007ffa10ab0000 - 0x00007ffa10e34000 	C:\WINDOWS\System32\KERNELBASE.dll
0x00007ffa11070000 - 0x00007ffa11181000 	C:\WINDOWS\System32\ucrtbase.dll
0x00007ff9fbf00000 - 0x00007ff9fbf17000 	C:\Program Files\Android\Android Studio\jbr\bin\jli.dll
0x00007ff9fd330000 - 0x00007ff9fd34b000 	C:\Program Files\Android\Android Studio\jbr\bin\VCRUNTIME140.dll
0x00007ffa125b0000 - 0x00007ffa1275d000 	C:\WINDOWS\System32\USER32.dll
0x00007ffa10a80000 - 0x00007ffa10aa6000 	C:\WINDOWS\System32\win32u.dll
0x00007ff9fcc90000 - 0x00007ff9fcf35000 	C:\WINDOWS\WinSxS\amd64_microsoft.windows.common-controls_6595b64144ccf1df_6.0.22000.120_none_9d947278b86cc467\COMCTL32.dll
0x00007ffa124b0000 - 0x00007ffa124da000 	C:\WINDOWS\System32\GDI32.dll
0x00007ffa10f50000 - 0x00007ffa1106e000 	C:\WINDOWS\System32\gdi32full.dll
0x00007ffa11b50000 - 0x00007ffa11bf3000 	C:\WINDOWS\System32\msvcrt.dll
0x00007ffa10e40000 - 0x00007ffa10edd000 	C:\WINDOWS\System32\msvcp_win.dll
0x00007ffa129b0000 - 0x00007ffa129e1000 	C:\WINDOWS\System32\IMM32.DLL
0x00007ff9ff990000 - 0x00007ff9ff99c000 	C:\Program Files\Android\Android Studio\jbr\bin\vcruntime140_1.dll
0x00007ff9e37a0000 - 0x00007ff9e382d000 	C:\Program Files\Android\Android Studio\jbr\bin\msvcp140.dll
0x00007ff9cf9c0000 - 0x00007ff9d062e000 	C:\Program Files\Android\Android Studio\jbr\bin\server\jvm.dll
0x00007ffa11e80000 - 0x00007ffa11f2e000 	C:\WINDOWS\System32\ADVAPI32.dll
0x00007ffa12910000 - 0x00007ffa129ae000 	C:\WINDOWS\System32\sechost.dll
0x00007ffa11a20000 - 0x00007ffa11b41000 	C:\WINDOWS\System32\RPCRT4.dll
0x00007ffa09870000 - 0x00007ffa098a3000 	C:\WINDOWS\SYSTEM32\WINMM.dll
0x00007ff9fb460000 - 0x00007ff9fb469000 	C:\WINDOWS\SYSTEM32\WSOCK32.dll
0x00007ffa06fc0000 - 0x00007ffa06fca000 	C:\WINDOWS\SYSTEM32\VERSION.dll
0x00007ffa127d0000 - 0x00007ffa1283f000 	C:\WINDOWS\System32\WS2_32.dll
0x00007ffa0f900000 - 0x00007ffa0f918000 	C:\WINDOWS\SYSTEM32\kernel.appcore.dll
0x00007ffa0d820000 - 0x00007ffa0d82a000 	C:\Program Files\Android\Android Studio\jbr\bin\jimage.dll
0x00007ffa0e200000 - 0x00007ffa0e421000 	C:\WINDOWS\SYSTEM32\DBGHELP.DLL
0x00007ff9f8540000 - 0x00007ff9f8571000 	C:\WINDOWS\SYSTEM32\dbgcore.DLL
0x00007ffa10a00000 - 0x00007ffa10a7f000 	C:\WINDOWS\System32\bcryptPrimitives.dll
0x00007ffa00090000 - 0x00007ffa000b5000 	C:\Program Files\Android\Android Studio\jbr\bin\java.dll
0x00007ffa00070000 - 0x00007ffa00088000 	C:\Program Files\Android\Android Studio\jbr\bin\zip.dll
0x00007ffa11250000 - 0x00007ffa11a15000 	C:\WINDOWS\System32\SHELL32.dll
0x00007ffa0e960000 - 0x00007ffa0f1c2000 	C:\WINDOWS\SYSTEM32\windows.storage.dll
0x00007ffa12d60000 - 0x00007ffa130d6000 	C:\WINDOWS\System32\combase.dll
0x00007ffa0e7f0000 - 0x00007ffa0e957000 	C:\WINDOWS\SYSTEM32\wintypes.dll
0x00007ffa129f0000 - 0x00007ffa12ada000 	C:\WINDOWS\System32\SHCORE.dll
0x00007ffa11d00000 - 0x00007ffa11d5d000 	C:\WINDOWS\System32\shlwapi.dll
0x00007ffa107c0000 - 0x00007ffa107e5000 	C:\WINDOWS\SYSTEM32\profapi.dll
0x00007ff9fff80000 - 0x00007ff9fff99000 	C:\Program Files\Android\Android Studio\jbr\bin\net.dll
0x00007ffa08da0000 - 0x00007ffa08eb4000 	C:\WINDOWS\SYSTEM32\WINHTTP.dll
0x00007ffa0fdb0000 - 0x00007ffa0fe17000 	C:\WINDOWS\system32\mswsock.dll
0x00007ff9ff910000 - 0x00007ff9ff926000 	C:\Program Files\Android\Android Studio\jbr\bin\nio.dll
0x00007ffa03350000 - 0x00007ffa03360000 	C:\Program Files\Android\Android Studio\jbr\bin\verify.dll

dbghelp: loaded successfully - version: 4.0.5 - missing functions: none
symbol engine: initialized successfully - sym options: 0x614 - pdb path: .;C:\Program Files\Android\Android Studio\jbr\bin;C:\WINDOWS\SYSTEM32;C:\WINDOWS\WinSxS\amd64_microsoft.windows.common-controls_6595b64144ccf1df_6.0.22000.120_none_9d947278b86cc467;C:\Program Files\Android\Android Studio\jbr\bin\server

VM Arguments:
java_command: org.jetbrains.kotlin.cli.jvm.K2JVMCompiler @C:\Users\USER\AndroidStudioProjects\KFit\app\build\20231108_12694718429982250310.compiler.options
java_class_path (initial): C:\Users\USER\AndroidStudioProjects\.gradle\caches\modules-2\files-2.1\org.jetbrains.kotlin\kotlin-compiler-embeddable\1.9.0\2c8c3a7402becca891f12739b3e9fd2dc2adbd7a\kotlin-compiler-embeddable-1.9.0.jar;C:\Users\USER\AndroidStudioProjects\.gradle\caches\modules-2\files-2.1\org.jetbrains.kotlin\kotlin-stdlib\1.9.0\8ee15ef0c67dc83d874f412d84378d7f0eb50b63\kotlin-stdlib-1.9.0.jar;C:\Users\USER\AndroidStudioProjects\.gradle\caches\modules-2\files-2.1\org.jetbrains.kotlin\kotlin-script-runtime\1.9.0\4b3102cbbb7e1b58d9d1adf89563f00069ffa7d1\kotlin-script-runtime-1.9.0.jar;C:\Users\USER\AndroidStudioProjects\.gradle\caches\modules-2\files-2.1\org.jetbrains.kotlin\kotlin-reflect\1.6.10\1cbe9c92c12a94eea200d23c2bbaedaf3daf5132\kotlin-reflect-1.6.10.jar;C:\Users\USER\AndroidStudioProjects\.gradle\caches\modules-2\files-2.1\org.jetbrains.kotlin\kotlin-daemon-embeddable\1.9.0\186543f5e28cf8d9a0290fecc2cf34301c40a65c\kotlin-daemon-embeddable-1.9.0.jar;C:\Users\USER\AndroidStudioProjects\.gradle\caches\modules-2\files-2.1\org.jetbrains.intellij.deps\trove4j\1.0.20200330\3afb14d5f9ceb459d724e907a21145e8ff394f02\trove4j-1.0.20200330.jar;C:\Users\USER\AndroidStudioProjects\.gradle\caches\modules-2\files-2.1\org.jetbrains.kotlin\kotlin-stdlib-common\1.9.0\cd65c21cfd1eec4d44ef09f9f52b6d9f8a720636\kotlin-stdlib-common-1.9.0.jar;C:\Users\USER\AndroidStudioProjects\.gradle\caches\modules-2\files-2.1\org.jetbrains\annotations\13.0\919f0dfe192fb4e063e7dacadee7f8bb9a2672a9\annotations-13.0.jar
Launcher Type: SUN_STANDARD

[Global flags]
     intx CICompilerCount                          = 4                                         {product} {ergonomic}
     uint ConcGCThreads                            = 2                                         {product} {ergonomic}
     uint G1ConcRefinementThreads                  = 8                                         {product} {ergonomic}
   size_t G1HeapRegionSize                         = 1048576                                   {product} {ergonomic}
    uintx GCDrainStackTargetSize                   = 64                                        {product} {ergonomic}
   size_t InitialHeapSize                          = 100663296                                 {product} {ergonomic}
   size_t MarkStackSize                            = 4194304                                   {product} {ergonomic}
   size_t MaxHeapSize                              = 1598029824                                {product} {ergonomic}
   size_t MaxNewSize                               = 958398464                                 {product} {ergonomic}
   size_t MinHeapDeltaBytes                        = 1048576                                   {product} {ergonomic}
   size_t MinHeapSize                              = 8388608                                   {product} {ergonomic}
    uintx NonNMethodCodeHeapSize                   = 5839372                                {pd product} {ergonomic}
    uintx NonProfiledCodeHeapSize                  = 122909434                              {pd product} {ergonomic}
    uintx ProfiledCodeHeapSize                     = 122909434                              {pd product} {ergonomic}
    uintx ReservedCodeCacheSize                    = 251658240                              {pd product} {ergonomic}
     bool SegmentedCodeCache                       = true                                      {product} {ergonomic}
   size_t SoftMaxHeapSize                          = 1598029824                             {manageable} {ergonomic}
     bool UseCompressedClassPointers               = true                           {product lp64_product} {ergonomic}
     bool UseCompressedOops                        = true                           {product lp64_product} {ergonomic}
     bool UseG1GC                                  = true                                      {product} {ergonomic}
     bool UseLargePagesIndividualAllocation        = false                                  {pd product} {ergonomic}

Logging:
Log output configuration:
 #0: stdout all=warning uptime,level,tags
 #1: stderr all=off uptime,level,tags

Environment Variables:
JAVA_HOME=C:\Program Files\Java\jdk-18.0.1.1
PATH=C:\Program Files (x86)\NVIDIA Corporation\PhysX\Common;C:\Program Files\Common Files\Oracle\Java\javapath;C:\WINDOWS\system32;C:\WINDOWS;C:\WINDOWS\System32\Wbem;C:\WINDOWS\System32\WindowsPowerShell\v1.0\;C:\WINDOWS\System32\OpenSSH\;C:\Program Files\dotnet\;C:\Program Files (x86)\dotnet\;C:\Users\USER\AppData\Local\Microsoft\WindowsApps;C:\Users\USER\AppData\Local\Programs\Microsoft VS Code\bin;C:\Program Files\mingw-w64\x86_64-8.1.0-posix-seh-rt_v6-rev0\mingw64\bin;C:\adb;C:\Program Files\Java\jdk-18.0.1.1\bin;C:\xampp\php;C:\flutter\bin;C:\Program Files\MySQL\MySQL Shell 8.0\bin\;C:\Users\USER\AppData\Local\Microsoft\WindowsApps;C:\Users\USER\AppData\Local\Programs\Microsoft VS Code\bin;C:\Program Files\mingw-w64\x86_64-8.1.0-posix-seh-rt_v6-rev0\mingw64\bin;C:\src\flutter\bin;C:\flutter\bin;C:\Users\USER\AppData\Local\JetBrains\Toolbox\scripts;
USERNAME=USER
OS=Windows_NT
PROCESSOR_IDENTIFIER=AMD64 Family 23 Model 24 Stepping 1, AuthenticAMD
TMP=C:\Users\USER\AppData\Local\Temp
TEMP=C:\Users\USER\AppData\Local\Temp


JNI global refs:
JNI global refs: 13, weak refs: 20

JNI global refs memory usage: 843, weak refs: 841


---------------  S Y S T E M  ---------------

OS:
 Windows 11 , 64 bit Build 22000 (10.0.22000.2538)
OS uptime: 2 days 1:11 hours

CPU: total 8 (initial active 8) (8 cores per cpu, 2 threads per core) family 23 model 24 stepping 1 microcode 0x0, cx8, cmov, fxsr, ht, mmx, 3dnowpref, sse, sse2, sse3, ssse3, sse4a, sse4.1, sse4.2, popcnt, lzcnt, tsc, tscinvbit, avx, avx2, aes, clmul, bmi1, bmi2, adx, sha, fma, vzeroupper, clflush, clflushopt

Memory: 4k page, system-wide physical 6091M (3237M free)
TotalPageFile size 13591M (AvailPageFile size 131M)
current process WorkingSet (physical memory assigned to process): 404M, peak: 408M
current process commit charge ("private bytes"): 467M, peak: 599M

vm_info: OpenJDK 64-Bit Server VM (17.0.6+0-b2043.56-10027231) for windows-amd64 JRE (17.0.6+0-b2043.56-10027231), built on Apr 28 2023 00:43:19 by "androidbuild" with MS VC++ 16.10 / 16.11 (VS2019)

END.
